{"/home/travis/build/npmtest/node-npmtest-testling/test.js":{"path":"/home/travis/build/npmtest/node-npmtest-testling/test.js","s":{"1":2,"2":2,"3":2,"4":2,"5":2,"6":2,"7":2,"8":1,"9":2,"10":2,"11":1,"12":1,"13":1,"14":1,"15":2,"16":2,"17":2,"18":2,"19":1,"20":1,"21":2,"22":2,"23":2,"24":1,"25":1,"26":1,"27":1,"28":1,"29":1,"30":1,"31":1,"32":1,"33":1,"34":1,"35":1,"36":1,"37":1,"38":1,"39":2,"40":2,"41":1,"42":2,"43":2,"44":1,"45":2,"46":2,"47":1,"48":2,"49":2,"50":1,"51":1,"52":1,"53":1,"54":1},"b":{"1":[2,1,1,1],"2":[1,1,1,1],"3":[1,1],"4":[1,1],"5":[1,1],"6":[1,1],"7":[1,1],"8":[1,1],"9":[1,1],"10":[1,1,1],"11":[1,1],"12":[1,1],"13":[1,1],"14":[1,1],"15":[1,1],"16":[1,1],"17":[1,1]},"f":{"1":2,"2":2,"3":2,"4":2,"5":2,"6":1,"7":1,"8":1,"9":2,"10":2,"11":2,"12":2,"13":1},"fnMap":{"1":{"name":"(anonymous_1)","line":12,"loc":{"start":{"line":12,"column":1},"end":{"line":12,"column":13}}},"2":{"name":"(anonymous_2)","line":19,"loc":{"start":{"line":19,"column":5},"end":{"line":19,"column":17}}},"3":{"name":"(anonymous_3)","line":23,"loc":{"start":{"line":23,"column":24},"end":{"line":23,"column":36}}},"4":{"name":"(anonymous_4)","line":61,"loc":{"start":{"line":61,"column":5},"end":{"line":61,"column":17}}},"5":{"name":"(anonymous_5)","line":82,"loc":{"start":{"line":82,"column":5},"end":{"line":82,"column":17}}},"6":{"name":"(anonymous_6)","line":91,"loc":{"start":{"line":91,"column":77},"end":{"line":94,"column":10}}},"7":{"name":"(anonymous_7)","line":112,"loc":{"start":{"line":112,"column":83},"end":{"line":115,"column":10}},"skip":true},"8":{"name":"(anonymous_8)","line":123,"loc":{"start":{"line":123,"column":77},"end":{"line":126,"column":10}},"skip":true},"9":{"name":"(anonymous_9)","line":139,"loc":{"start":{"line":139,"column":12},"end":{"line":139,"column":40}},"skip":true},"10":{"name":"(anonymous_10)","line":147,"loc":{"start":{"line":147,"column":77},"end":{"line":150,"column":10}},"skip":true},"11":{"name":"(anonymous_11)","line":158,"loc":{"start":{"line":158,"column":83},"end":{"line":161,"column":10}},"skip":true},"12":{"name":"(anonymous_12)","line":169,"loc":{"start":{"line":169,"column":79},"end":{"line":172,"column":10}},"skip":true},"13":{"name":"(anonymous_13)","line":180,"loc":{"start":{"line":180,"column":75},"end":{"line":183,"column":10}},"skip":true}},"statementMap":{"1":{"start":{"line":12,"column":0},"end":{"line":195,"column":5}},"2":{"start":{"line":14,"column":4},"end":{"line":14,"column":14}},"3":{"start":{"line":19,"column":4},"end":{"line":56,"column":9}},"4":{"start":{"line":21,"column":8},"end":{"line":21,"column":19}},"5":{"start":{"line":23,"column":8},"end":{"line":35,"column":13}},"6":{"start":{"line":24,"column":12},"end":{"line":34,"column":13}},"7":{"start":{"line":25,"column":16},"end":{"line":28,"column":30}},"8":{"start":{"line":30,"column":16},"end":{"line":33,"column":27}},"9":{"start":{"line":37,"column":8},"end":{"line":39,"column":21}},"10":{"start":{"line":40,"column":8},"end":{"line":53,"column":9}},"11":{"start":{"line":43,"column":12},"end":{"line":46,"column":14}},"12":{"start":{"line":47,"column":12},"end":{"line":47,"column":18}},"13":{"start":{"line":50,"column":12},"end":{"line":51,"column":33}},"14":{"start":{"line":52,"column":12},"end":{"line":52,"column":18}},"15":{"start":{"line":55,"column":8},"end":{"line":55,"column":35}},"16":{"start":{"line":61,"column":4},"end":{"line":63,"column":9}},"17":{"start":{"line":62,"column":8},"end":{"line":62,"column":15}},"18":{"start":{"line":64,"column":4},"end":{"line":77,"column":5}},"19":{"start":{"line":70,"column":8},"end":{"line":70,"column":14}},"20":{"start":{"line":76,"column":8},"end":{"line":76,"column":14}},"21":{"start":{"line":82,"column":4},"end":{"line":84,"column":9}},"22":{"start":{"line":83,"column":8},"end":{"line":83,"column":15}},"23":{"start":{"line":85,"column":4},"end":{"line":194,"column":5}},"24":{"start":{"line":91,"column":8},"end":{"line":99,"column":10}},"25":{"start":{"line":98,"column":12},"end":{"line":98,"column":35}},"26":{"start":{"line":102,"column":8},"end":{"line":104,"column":63}},"27":{"start":{"line":105,"column":8},"end":{"line":105,"column":14}},"28":{"start":{"line":112,"column":8},"end":{"line":121,"column":10},"skip":true},"29":{"start":{"line":119,"column":12},"end":{"line":119,"column":55},"skip":true},"30":{"start":{"line":120,"column":12},"end":{"line":120,"column":48},"skip":true},"31":{"start":{"line":123,"column":8},"end":{"line":136,"column":10},"skip":true},"32":{"start":{"line":130,"column":12},"end":{"line":130,"column":76},"skip":true},"33":{"start":{"line":131,"column":12},"end":{"line":131,"column":73},"skip":true},"34":{"start":{"line":132,"column":12},"end":{"line":132,"column":74},"skip":true},"35":{"start":{"line":133,"column":12},"end":{"line":133,"column":79},"skip":true},"36":{"start":{"line":134,"column":12},"end":{"line":134,"column":25},"skip":true},"37":{"start":{"line":135,"column":12},"end":{"line":135,"column":45},"skip":true},"38":{"start":{"line":138,"column":8},"end":{"line":145,"column":14},"skip":true},"39":{"start":{"line":143,"column":16},"end":{"line":143,"column":29},"skip":true},"40":{"start":{"line":144,"column":16},"end":{"line":144,"column":55},"skip":true},"41":{"start":{"line":147,"column":8},"end":{"line":156,"column":10},"skip":true},"42":{"start":{"line":154,"column":12},"end":{"line":154,"column":25},"skip":true},"43":{"start":{"line":155,"column":12},"end":{"line":155,"column":45},"skip":true},"44":{"start":{"line":158,"column":8},"end":{"line":167,"column":10},"skip":true},"45":{"start":{"line":165,"column":12},"end":{"line":165,"column":25},"skip":true},"46":{"start":{"line":166,"column":12},"end":{"line":166,"column":48},"skip":true},"47":{"start":{"line":169,"column":8},"end":{"line":178,"column":10},"skip":true},"48":{"start":{"line":176,"column":12},"end":{"line":176,"column":25},"skip":true},"49":{"start":{"line":177,"column":12},"end":{"line":177,"column":46},"skip":true},"50":{"start":{"line":180,"column":8},"end":{"line":189,"column":10},"skip":true},"51":{"start":{"line":187,"column":12},"end":{"line":187,"column":94},"skip":true},"52":{"start":{"line":188,"column":12},"end":{"line":188,"column":48},"skip":true},"53":{"start":{"line":192,"column":8},"end":{"line":192,"column":35},"skip":true},"54":{"start":{"line":193,"column":8},"end":{"line":193,"column":14},"skip":true}},"branchMap":{"1":{"line":25,"type":"binary-expr","locations":[{"start":{"line":25,"column":23},"end":{"line":25,"column":62}},{"start":{"line":26,"column":20},"end":{"line":26,"column":70}},{"start":{"line":27,"column":20},"end":{"line":27,"column":71}},{"start":{"line":28,"column":20},"end":{"line":28,"column":29}}]},"2":{"line":30,"type":"binary-expr","locations":[{"start":{"line":30,"column":23},"end":{"line":30,"column":37}},{"start":{"line":31,"column":20},"end":{"line":31,"column":61}},{"start":{"line":32,"column":20},"end":{"line":32,"column":70}},{"start":{"line":33,"column":20},"end":{"line":33,"column":26}}]},"3":{"line":37,"type":"cond-expr","locations":[{"start":{"line":38,"column":14},"end":{"line":38,"column":20}},{"start":{"line":39,"column":14},"end":{"line":39,"column":20}}]},"4":{"line":40,"type":"switch","locations":[{"start":{"line":42,"column":8},"end":{"line":47,"column":18}},{"start":{"line":49,"column":8},"end":{"line":52,"column":18}}]},"5":{"line":44,"type":"binary-expr","locations":[{"start":{"line":44,"column":16},"end":{"line":44,"column":44}},{"start":{"line":44,"column":48},"end":{"line":44,"column":66}}]},"6":{"line":50,"type":"binary-expr","locations":[{"start":{"line":50,"column":21},"end":{"line":50,"column":49}},{"start":{"line":50,"column":53},"end":{"line":50,"column":72}}]},"7":{"line":64,"type":"switch","locations":[{"start":{"line":69,"column":4},"end":{"line":70,"column":14}},{"start":{"line":75,"column":4},"end":{"line":76,"column":14}}]},"8":{"line":85,"type":"switch","locations":[{"start":{"line":90,"column":4},"end":{"line":105,"column":14}},{"start":{"line":111,"column":4},"end":{"line":193,"column":14},"skip":true}]},"9":{"line":91,"type":"binary-expr","locations":[{"start":{"line":91,"column":42},"end":{"line":91,"column":73}},{"start":{"line":91,"column":77},"end":{"line":99,"column":9}}]},"10":{"line":102,"type":"binary-expr","locations":[{"start":{"line":102,"column":18},"end":{"line":102,"column":32}},{"start":{"line":103,"column":12},"end":{"line":103,"column":53}},{"start":{"line":104,"column":12},"end":{"line":104,"column":61}}]},"11":{"line":112,"type":"binary-expr","locations":[{"start":{"line":112,"column":45},"end":{"line":112,"column":79},"skip":true},{"start":{"line":112,"column":83},"end":{"line":121,"column":9},"skip":true}]},"12":{"line":123,"type":"binary-expr","locations":[{"start":{"line":123,"column":42},"end":{"line":123,"column":73},"skip":true},{"start":{"line":123,"column":77},"end":{"line":136,"column":9},"skip":true}]},"13":{"line":138,"type":"binary-expr","locations":[{"start":{"line":138,"column":48},"end":{"line":138,"column":85},"skip":true},{"start":{"line":139,"column":12},"end":{"line":145,"column":13},"skip":true}]},"14":{"line":147,"type":"binary-expr","locations":[{"start":{"line":147,"column":42},"end":{"line":147,"column":73},"skip":true},{"start":{"line":147,"column":77},"end":{"line":156,"column":9},"skip":true}]},"15":{"line":158,"type":"binary-expr","locations":[{"start":{"line":158,"column":45},"end":{"line":158,"column":79},"skip":true},{"start":{"line":158,"column":83},"end":{"line":167,"column":9},"skip":true}]},"16":{"line":169,"type":"binary-expr","locations":[{"start":{"line":169,"column":43},"end":{"line":169,"column":75},"skip":true},{"start":{"line":169,"column":79},"end":{"line":178,"column":9},"skip":true}]},"17":{"line":180,"type":"binary-expr","locations":[{"start":{"line":180,"column":41},"end":{"line":180,"column":71},"skip":true},{"start":{"line":180,"column":75},"end":{"line":189,"column":9},"skip":true}]}},"code":["/* istanbul instrument in package npmtest_testling */","/*jslint","    bitwise: true,","    browser: true,","    maxerr: 8,","    maxlen: 96,","    node: true,","    nomen: true,","    regexp: true,","    stupid: true","*/","(function () {","    'use strict';","    var local;","","","","    // run shared js-env code - init-before","    (function () {","        // init local","        local = {};","        // init modeJs","        local.modeJs = (function () {","            try {","                return typeof navigator.userAgent === 'string' &&","                    typeof document.querySelector('body') === 'object' &&","                    typeof XMLHttpRequest.prototype.open === 'function' &&","                    'browser';","            } catch (errorCaughtBrowser) {","                return module.exports &&","                    typeof process.versions.node === 'string' &&","                    typeof require('http').createServer === 'function' &&","                    'node';","            }","        }());","        // init global","        local.global = local.modeJs === 'browser'","            ? window","            : global;","        switch (local.modeJs) {","        // re-init local from window.local","        case 'browser':","            local = local.global.utility2.objectSetDefault(","                local.global.utility2_rollup || local.global.local,","                local.global.utility2","            );","            break;","        // re-init local from example.js","        case 'node':","            local = (local.global.utility2_rollup || require('utility2'))","                .requireReadme();","            break;","        }","        // export local","        local.global.local = local;","    }());","","","","    // run shared js-env code - function","    (function () {","        return;","    }());","    switch (local.modeJs) {","","","","    // run browser js-env code - function","    case 'browser':","        break;","","","","    // run node js-env code - function","    case 'node':","        break;","    }","","","","    // run shared js-env code - init-after","    (function () {","        return;","    }());","    switch (local.modeJs) {","","","","    // run browser js-env code - init-after","    case 'browser':","        local.testCase_browser_nullCase = local.testCase_browser_nullCase || function (","            options,","            onError","        ) {","        /*","         * this function will test browsers's null-case handling-behavior-behavior","         */","            onError(null, options);","        };","","        // run tests","        local.nop(local.modeTest &&","            document.querySelector('#testRunButton1') &&","            document.querySelector('#testRunButton1').click());","        break;","","","","    // run node js-env code - init-after","    /* istanbul ignore next */","    case 'node':","        local.testCase_buildApidoc_default = local.testCase_buildApidoc_default || function (","            options,","            onError","        ) {","        /*","         * this function will test buildApidoc's default handling-behavior-behavior","         */","            options = { modulePathList: module.paths };","            local.buildApidoc(options, onError);","        };","","        local.testCase_buildApp_default = local.testCase_buildApp_default || function (","            options,","            onError","        ) {","        /*","         * this function will test buildApp's default handling-behavior-behavior","         */","            local.testCase_buildReadme_default(options, local.onErrorThrow);","            local.testCase_buildLib_default(options, local.onErrorThrow);","            local.testCase_buildTest_default(options, local.onErrorThrow);","            local.testCase_buildCustomOrg_default(options, local.onErrorThrow);","            options = [];","            local.buildApp(options, onError);","        };","","        local.testCase_buildCustomOrg_default = local.testCase_buildCustomOrg_default ||","            function (options, onError) {","            /*","             * this function will test buildCustomOrg's default handling-behavior","             */","                options = {};","                local.buildCustomOrg(options, onError);","            };","","        local.testCase_buildLib_default = local.testCase_buildLib_default || function (","            options,","            onError","        ) {","        /*","         * this function will test buildLib's default handling-behavior","         */","            options = {};","            local.buildLib(options, onError);","        };","","        local.testCase_buildReadme_default = local.testCase_buildReadme_default || function (","            options,","            onError","        ) {","        /*","         * this function will test buildReadme's default handling-behavior-behavior","         */","            options = {};","            local.buildReadme(options, onError);","        };","","        local.testCase_buildTest_default = local.testCase_buildTest_default || function (","            options,","            onError","        ) {","        /*","         * this function will test buildTest's default handling-behavior","         */","            options = {};","            local.buildTest(options, onError);","        };","","        local.testCase_webpage_default = local.testCase_webpage_default || function (","            options,","            onError","        ) {","        /*","         * this function will test webpage's default handling-behavior","         */","            options = { modeCoverageMerge: true, url: local.serverLocalHost + '?modeTest=1' };","            local.browserTest(options, onError);","        };","","        // run test-server","        local.testRunServer(local);","        break;","    }","}());",""],"l":{"12":2,"14":2,"19":2,"21":2,"23":2,"24":2,"25":2,"30":1,"37":2,"40":2,"43":1,"47":1,"50":1,"52":1,"55":2,"61":2,"62":2,"64":2,"70":1,"76":1,"82":2,"83":2,"85":2,"91":1,"98":1,"102":1,"105":1,"112":1,"119":1,"120":1,"123":1,"130":1,"131":1,"132":1,"133":1,"134":1,"135":1,"138":1,"143":2,"144":2,"147":1,"154":2,"155":2,"158":1,"165":2,"166":2,"169":1,"176":2,"177":2,"180":1,"187":1,"188":1,"192":1,"193":1}},"/home/travis/build/npmtest/node-npmtest-testling/lib.npmtest_testling.js":{"path":"/home/travis/build/npmtest/node-npmtest-testling/lib.npmtest_testling.js","s":{"1":2,"2":2,"3":2,"4":2,"5":2,"6":2,"7":2,"8":1,"9":2,"10":2,"11":2,"12":2,"13":1,"14":1,"15":1,"16":1},"b":{"1":[2,1,1,1],"2":[1,1,1,1],"3":[1,1],"4":[2,2],"5":[1,1]},"f":{"1":2,"2":2,"3":2},"fnMap":{"1":{"name":"(anonymous_1)","line":12,"loc":{"start":{"line":12,"column":1},"end":{"line":12,"column":13}}},"2":{"name":"(anonymous_2)","line":19,"loc":{"start":{"line":19,"column":5},"end":{"line":19,"column":17}}},"3":{"name":"(anonymous_3)","line":23,"loc":{"start":{"line":23,"column":24},"end":{"line":23,"column":36}}}},"statementMap":{"1":{"start":{"line":12,"column":0},"end":{"line":53,"column":5}},"2":{"start":{"line":14,"column":4},"end":{"line":14,"column":14}},"3":{"start":{"line":19,"column":4},"end":{"line":52,"column":9}},"4":{"start":{"line":21,"column":8},"end":{"line":21,"column":19}},"5":{"start":{"line":23,"column":8},"end":{"line":35,"column":13}},"6":{"start":{"line":24,"column":12},"end":{"line":34,"column":13}},"7":{"start":{"line":25,"column":16},"end":{"line":28,"column":30}},"8":{"start":{"line":30,"column":16},"end":{"line":33,"column":27}},"9":{"start":{"line":37,"column":8},"end":{"line":39,"column":21}},"10":{"start":{"line":41,"column":8},"end":{"line":41,"column":54}},"11":{"start":{"line":43,"column":8},"end":{"line":43,"column":53}},"12":{"start":{"line":45,"column":8},"end":{"line":51,"column":9}},"13":{"start":{"line":46,"column":12},"end":{"line":46,"column":59}},"14":{"start":{"line":48,"column":12},"end":{"line":48,"column":35}},"15":{"start":{"line":49,"column":12},"end":{"line":49,"column":49}},"16":{"start":{"line":50,"column":12},"end":{"line":50,"column":43}}},"branchMap":{"1":{"line":25,"type":"binary-expr","locations":[{"start":{"line":25,"column":23},"end":{"line":25,"column":62}},{"start":{"line":26,"column":20},"end":{"line":26,"column":70}},{"start":{"line":27,"column":20},"end":{"line":27,"column":71}},{"start":{"line":28,"column":20},"end":{"line":28,"column":29}}]},"2":{"line":30,"type":"binary-expr","locations":[{"start":{"line":30,"column":23},"end":{"line":30,"column":37}},{"start":{"line":31,"column":20},"end":{"line":31,"column":61}},{"start":{"line":32,"column":20},"end":{"line":32,"column":70}},{"start":{"line":33,"column":20},"end":{"line":33,"column":26}}]},"3":{"line":37,"type":"cond-expr","locations":[{"start":{"line":38,"column":14},"end":{"line":38,"column":20}},{"start":{"line":39,"column":14},"end":{"line":39,"column":20}}]},"4":{"line":41,"type":"binary-expr","locations":[{"start":{"line":41,"column":16},"end":{"line":41,"column":44}},{"start":{"line":41,"column":48},"end":{"line":41,"column":53}}]},"5":{"line":45,"type":"if","locations":[{"start":{"line":45,"column":8},"end":{"line":45,"column":8}},{"start":{"line":45,"column":8},"end":{"line":45,"column":8}}]}},"code":["/* istanbul instrument in package npmtest_testling */","/*jslint","    bitwise: true,","    browser: true,","    maxerr: 8,","    maxlen: 96,","    node: true,","    nomen: true,","    regexp: true,","    stupid: true","*/","(function () {","    'use strict';","    var local;","","","","    // run shared js-env code - init-before","    (function () {","        // init local","        local = {};","        // init modeJs","        local.modeJs = (function () {","            try {","                return typeof navigator.userAgent === 'string' &&","                    typeof document.querySelector('body') === 'object' &&","                    typeof XMLHttpRequest.prototype.open === 'function' &&","                    'browser';","            } catch (errorCaughtBrowser) {","                return module.exports &&","                    typeof process.versions.node === 'string' &&","                    typeof require('http').createServer === 'function' &&","                    'node';","            }","        }());","        // init global","        local.global = local.modeJs === 'browser'","            ? window","            : global;","        // init utility2_rollup","        local = local.global.utility2_rollup || local;","        // init lib","        local.local = local.npmtest_testling = local;","        // init exports","        if (local.modeJs === 'browser') {","            local.global.utility2_npmtest_testling = local;","        } else {","            module.exports = local;","            module.exports.__dirname = __dirname;","            module.exports.module = module;","        }","    }());","}());",""],"l":{"12":2,"14":2,"19":2,"21":2,"23":2,"24":2,"25":2,"30":1,"37":2,"41":2,"43":2,"45":2,"46":1,"48":1,"49":1,"50":1}},"/home/travis/build/npmtest/node-npmtest-testling/example.js":{"path":"/home/travis/build/npmtest/node-npmtest-testling/example.js","s":{"1":2,"2":2,"3":2,"4":2,"5":2,"6":2,"7":2,"8":1,"9":2,"10":2,"11":2,"12":2,"13":1,"14":2,"15":2,"16":2,"17":2,"18":2,"19":0,"20":2,"21":1,"22":1,"23":1,"24":1,"25":1,"26":0,"27":0,"28":1,"29":1,"30":2,"31":0,"32":0,"33":0,"34":1,"35":2,"36":2,"37":3,"38":3,"39":3,"40":3,"41":0,"42":3,"43":3,"44":3,"45":1,"46":3,"47":1,"48":1,"49":1,"50":1,"51":1,"52":1,"53":1,"54":1,"55":1,"56":1,"57":0,"58":1,"59":6,"60":6,"61":1,"62":2,"63":0,"64":2,"65":1,"66":1,"67":0,"68":0,"69":0,"70":0,"71":0,"72":0,"73":0,"74":0,"75":0,"76":0,"77":0,"78":0,"79":0,"80":0,"81":0,"82":0,"83":0},"b":{"1":[2,1,1,1],"2":[1,1,1,1],"3":[1,1],"4":[2,2],"5":[1,1],"6":[1,1],"7":[2,0],"8":[2,1,1,1,1,1],"9":[0,2,0],"10":[1,1],"11":[2,1,1],"12":[1,0],"13":[0,2],"14":[2,0,0,0,0,0,0],"15":[0,3],"16":[3,0],"17":[1,1],"18":[0,1],"19":[1,2,0,2],"20":[1,0],"21":[1,1],"22":[0,0],"23":[0,0],"24":[0,0],"25":[0,0],"26":[0,0],"27":[0,0],"28":[0,0]},"f":{"1":2,"2":2,"3":2,"4":2,"5":2,"6":2,"7":3,"8":3,"9":3,"10":1,"11":6,"12":0},"fnMap":{"1":{"name":"(anonymous_1)","line":26,"loc":{"start":{"line":26,"column":1},"end":{"line":26,"column":13}}},"2":{"name":"(anonymous_2)","line":33,"loc":{"start":{"line":33,"column":5},"end":{"line":33,"column":17}}},"3":{"name":"(anonymous_3)","line":37,"loc":{"start":{"line":37,"column":24},"end":{"line":37,"column":36}}},"4":{"name":"(anonymous_4)","line":69,"loc":{"start":{"line":69,"column":31},"end":{"line":69,"column":48}},"skip":true},"5":{"name":"(anonymous_5)","line":78,"loc":{"start":{"line":78,"column":26},"end":{"line":78,"column":45}},"skip":true},"6":{"name":"(anonymous_6)","line":123,"loc":{"start":{"line":123,"column":33},"end":{"line":123,"column":48}},"skip":true},"7":{"name":"(anonymous_7)","line":125,"loc":{"start":{"line":125,"column":27},"end":{"line":125,"column":39}},"skip":true},"8":{"name":"(anonymous_8)","line":133,"loc":{"start":{"line":133,"column":59},"end":{"line":133,"column":74}},"skip":true},"9":{"name":"(anonymous_9)","line":143,"loc":{"start":{"line":143,"column":45},"end":{"line":143,"column":62}},"skip":true},"10":{"name":"(anonymous_10)","line":144,"loc":{"start":{"line":144,"column":73},"end":{"line":144,"column":92}},"skip":true},"11":{"name":"(anonymous_11)","line":272,"loc":{"start":{"line":272,"column":51},"end":{"line":272,"column":77}},"skip":true},"12":{"name":"(anonymous_12)","line":315,"loc":{"start":{"line":315,"column":32},"end":{"line":315,"column":61}},"skip":true}},"statementMap":{"1":{"start":{"line":26,"column":0},"end":{"line":326,"column":5}},"2":{"start":{"line":28,"column":4},"end":{"line":28,"column":14}},"3":{"start":{"line":33,"column":4},"end":{"line":60,"column":9}},"4":{"start":{"line":35,"column":8},"end":{"line":35,"column":19}},"5":{"start":{"line":37,"column":8},"end":{"line":49,"column":13}},"6":{"start":{"line":38,"column":12},"end":{"line":48,"column":13}},"7":{"start":{"line":39,"column":16},"end":{"line":42,"column":30}},"8":{"start":{"line":44,"column":16},"end":{"line":47,"column":27}},"9":{"start":{"line":51,"column":8},"end":{"line":53,"column":21}},"10":{"start":{"line":55,"column":8},"end":{"line":57,"column":45}},"11":{"start":{"line":59,"column":8},"end":{"line":59,"column":35}},"12":{"start":{"line":61,"column":4},"end":{"line":325,"column":5}},"13":{"start":{"line":69,"column":8},"end":{"line":121,"column":10},"skip":true},"14":{"start":{"line":70,"column":12},"end":{"line":88,"column":13},"skip":true},"15":{"start":{"line":76,"column":16},"end":{"line":87,"column":19},"skip":true},"16":{"start":{"line":79,"column":20},"end":{"line":86,"column":21},"skip":true},"17":{"start":{"line":82,"column":24},"end":{"line":82,"column":43},"skip":true},"18":{"start":{"line":83,"column":24},"end":{"line":83,"column":30},"skip":true},"19":{"start":{"line":85,"column":24},"end":{"line":85,"column":49},"skip":true},"20":{"start":{"line":89,"column":12},"end":{"line":107,"column":13},"skip":true},"21":{"start":{"line":92,"column":16},"end":{"line":102,"column":17},"skip":true},"22":{"start":{"line":93,"column":20},"end":{"line":93,"column":86},"skip":true},"23":{"start":{"line":94,"column":20},"end":{"line":95,"column":45},"skip":true},"24":{"start":{"line":96,"column":20},"end":{"line":96,"column":42},"skip":true},"25":{"start":{"line":97,"column":20},"end":{"line":97,"column":48},"skip":true},"26":{"start":{"line":100,"column":20},"end":{"line":100,"column":85},"skip":true},"27":{"start":{"line":101,"column":20},"end":{"line":101,"column":96},"skip":true},"28":{"start":{"line":103,"column":16},"end":{"line":103,"column":22},"skip":true},"29":{"start":{"line":106,"column":16},"end":{"line":106,"column":22},"skip":true},"30":{"start":{"line":108,"column":12},"end":{"line":120,"column":13},"skip":true},"31":{"start":{"line":114,"column":16},"end":{"line":119,"column":17},"skip":true},"32":{"start":{"line":116,"column":20},"end":{"line":116,"column":78},"skip":true},"33":{"start":{"line":118,"column":20},"end":{"line":118,"column":47},"skip":true},"34":{"start":{"line":123,"column":8},"end":{"line":141,"column":11},"skip":true},"35":{"start":{"line":124,"column":12},"end":{"line":124,"column":54},"skip":true},"36":{"start":{"line":125,"column":12},"end":{"line":140,"column":14},"skip":true},"37":{"start":{"line":126,"column":16},"end":{"line":126,"column":28},"skip":true},"38":{"start":{"line":127,"column":16},"end":{"line":127,"column":69},"skip":true},"39":{"start":{"line":128,"column":16},"end":{"line":128,"column":75},"skip":true},"40":{"start":{"line":129,"column":16},"end":{"line":131,"column":17},"skip":true},"41":{"start":{"line":130,"column":20},"end":{"line":130,"column":27},"skip":true},"42":{"start":{"line":133,"column":16},"end":{"line":137,"column":36},"skip":true},"43":{"start":{"line":134,"column":20},"end":{"line":136,"column":55},"skip":true},"44":{"start":{"line":139,"column":16},"end":{"line":139,"column":57},"skip":true},"45":{"start":{"line":143,"column":8},"end":{"line":147,"column":11},"skip":true},"46":{"start":{"line":144,"column":12},"end":{"line":146,"column":15},"skip":true},"47":{"start":{"line":145,"column":16},"end":{"line":145,"column":70},"skip":true},"48":{"start":{"line":149,"column":8},"end":{"line":149,"column":31},"skip":true},"49":{"start":{"line":150,"column":8},"end":{"line":150,"column":14},"skip":true},"50":{"start":{"line":158,"column":8},"end":{"line":158,"column":31},"skip":true},"51":{"start":{"line":160,"column":8},"end":{"line":160,"column":33},"skip":true},"52":{"start":{"line":161,"column":8},"end":{"line":161,"column":37},"skip":true},"53":{"start":{"line":162,"column":8},"end":{"line":162,"column":35},"skip":true},"54":{"start":{"line":164,"column":8},"end":{"line":164,"column":50},"skip":true},"55":{"start":{"line":166,"column":8},"end":{"line":256,"column":2},"skip":true},"56":{"start":{"line":258,"column":8},"end":{"line":286,"column":9},"skip":true},"57":{"start":{"line":259,"column":12},"end":{"line":269,"column":14},"skip":true},"58":{"start":{"line":271,"column":12},"end":{"line":285,"column":19},"skip":true},"59":{"start":{"line":274,"column":20},"end":{"line":274,"column":35},"skip":true},"60":{"start":{"line":275,"column":20},"end":{"line":284,"column":21},"skip":true},"61":{"start":{"line":277,"column":24},"end":{"line":277,"column":64},"skip":true},"62":{"start":{"line":279,"column":24},"end":{"line":279,"column":40},"skip":true},"63":{"start":{"line":281,"column":24},"end":{"line":281,"column":40},"skip":true},"64":{"start":{"line":283,"column":24},"end":{"line":283,"column":39},"skip":true},"65":{"start":{"line":288,"column":8},"end":{"line":290,"column":9},"skip":true},"66":{"start":{"line":289,"column":12},"end":{"line":289,"column":18},"skip":true},"67":{"start":{"line":291,"column":8},"end":{"line":293,"column":54},"skip":true},"68":{"start":{"line":296,"column":8},"end":{"line":301,"column":37},"skip":true},"69":{"start":{"line":303,"column":8},"end":{"line":303,"column":82},"skip":true},"70":{"start":{"line":306,"column":8},"end":{"line":308,"column":9},"skip":true},"71":{"start":{"line":307,"column":12},"end":{"line":307,"column":82},"skip":true},"72":{"start":{"line":310,"column":8},"end":{"line":312,"column":9},"skip":true},"73":{"start":{"line":311,"column":12},"end":{"line":311,"column":18},"skip":true},"74":{"start":{"line":313,"column":8},"end":{"line":313,"column":54},"skip":true},"75":{"start":{"line":314,"column":8},"end":{"line":314,"column":69},"skip":true},"76":{"start":{"line":315,"column":8},"end":{"line":323,"column":36},"skip":true},"77":{"start":{"line":316,"column":12},"end":{"line":316,"column":61},"skip":true},"78":{"start":{"line":317,"column":12},"end":{"line":320,"column":13},"skip":true},"79":{"start":{"line":318,"column":16},"end":{"line":318,"column":75},"skip":true},"80":{"start":{"line":319,"column":16},"end":{"line":319,"column":23},"skip":true},"81":{"start":{"line":321,"column":12},"end":{"line":321,"column":38},"skip":true},"82":{"start":{"line":322,"column":12},"end":{"line":322,"column":27},"skip":true},"83":{"start":{"line":324,"column":8},"end":{"line":324,"column":14},"skip":true}},"branchMap":{"1":{"line":39,"type":"binary-expr","locations":[{"start":{"line":39,"column":23},"end":{"line":39,"column":62}},{"start":{"line":40,"column":20},"end":{"line":40,"column":70}},{"start":{"line":41,"column":20},"end":{"line":41,"column":71}},{"start":{"line":42,"column":20},"end":{"line":42,"column":29}}]},"2":{"line":44,"type":"binary-expr","locations":[{"start":{"line":44,"column":23},"end":{"line":44,"column":37}},{"start":{"line":45,"column":20},"end":{"line":45,"column":61}},{"start":{"line":46,"column":20},"end":{"line":46,"column":70}},{"start":{"line":47,"column":20},"end":{"line":47,"column":26}}]},"3":{"line":51,"type":"cond-expr","locations":[{"start":{"line":52,"column":14},"end":{"line":52,"column":20}},{"start":{"line":53,"column":14},"end":{"line":53,"column":20}}]},"4":{"line":55,"type":"binary-expr","locations":[{"start":{"line":55,"column":16},"end":{"line":55,"column":44}},{"start":{"line":55,"column":49},"end":{"line":57,"column":43}}]},"5":{"line":55,"type":"cond-expr","locations":[{"start":{"line":56,"column":14},"end":{"line":56,"column":52}},{"start":{"line":57,"column":14},"end":{"line":57,"column":43}}]},"6":{"line":61,"type":"switch","locations":[{"start":{"line":68,"column":4},"end":{"line":150,"column":14},"skip":true},{"start":{"line":156,"column":4},"end":{"line":324,"column":14},"skip":true}]},"7":{"line":70,"type":"if","locations":[{"start":{"line":70,"column":12},"end":{"line":70,"column":12},"skip":true},{"start":{"line":70,"column":12},"end":{"line":70,"column":12},"skip":true}]},"8":{"line":70,"type":"binary-expr","locations":[{"start":{"line":70,"column":16},"end":{"line":70,"column":22},"skip":true},{"start":{"line":70,"column":27},"end":{"line":70,"column":32},"skip":true},{"start":{"line":71,"column":20},"end":{"line":71,"column":39},"skip":true},{"start":{"line":72,"column":20},"end":{"line":72,"column":49},"skip":true},{"start":{"line":73,"column":20},"end":{"line":73,"column":58},"skip":true},{"start":{"line":74,"column":20},"end":{"line":74,"column":69},"skip":true}]},"9":{"line":79,"type":"switch","locations":[{"start":{"line":80,"column":20},"end":{"line":80,"column":33},"skip":true},{"start":{"line":81,"column":20},"end":{"line":83,"column":30},"skip":true},{"start":{"line":84,"column":20},"end":{"line":85,"column":49},"skip":true}]},"10":{"line":89,"type":"switch","locations":[{"start":{"line":90,"column":12},"end":{"line":103,"column":22},"skip":true},{"start":{"line":105,"column":12},"end":{"line":106,"column":22},"skip":true}]},"11":{"line":89,"type":"binary-expr","locations":[{"start":{"line":89,"column":20},"end":{"line":89,"column":25},"skip":true},{"start":{"line":89,"column":29},"end":{"line":89,"column":48},"skip":true},{"start":{"line":89,"column":52},"end":{"line":89,"column":74},"skip":true}]},"12":{"line":92,"type":"if","locations":[{"start":{"line":92,"column":16},"end":{"line":92,"column":16},"skip":true},{"start":{"line":92,"column":16},"end":{"line":92,"column":16},"skip":true}]},"13":{"line":108,"type":"if","locations":[{"start":{"line":108,"column":12},"end":{"line":108,"column":12},"skip":true},{"start":{"line":108,"column":12},"end":{"line":108,"column":12},"skip":true}]},"14":{"line":108,"type":"binary-expr","locations":[{"start":{"line":108,"column":16},"end":{"line":108,"column":61},"skip":true},{"start":{"line":108,"column":66},"end":{"line":108,"column":72},"skip":true},{"start":{"line":108,"column":77},"end":{"line":108,"column":82},"skip":true},{"start":{"line":109,"column":20},"end":{"line":109,"column":39},"skip":true},{"start":{"line":110,"column":20},"end":{"line":110,"column":49},"skip":true},{"start":{"line":111,"column":20},"end":{"line":111,"column":58},"skip":true},{"start":{"line":112,"column":20},"end":{"line":112,"column":68},"skip":true}]},"15":{"line":129,"type":"if","locations":[{"start":{"line":129,"column":16},"end":{"line":129,"column":16},"skip":true},{"start":{"line":129,"column":16},"end":{"line":129,"column":16},"skip":true}]},"16":{"line":134,"type":"cond-expr","locations":[{"start":{"line":135,"column":26},"end":{"line":135,"column":29},"skip":true},{"start":{"line":136,"column":26},"end":{"line":136,"column":54},"skip":true}]},"17":{"line":164,"type":"binary-expr","locations":[{"start":{"line":164,"column":27},"end":{"line":164,"column":43},"skip":true},{"start":{"line":164,"column":47},"end":{"line":164,"column":49},"skip":true}]},"18":{"line":258,"type":"if","locations":[{"start":{"line":258,"column":8},"end":{"line":258,"column":8},"skip":true},{"start":{"line":258,"column":8},"end":{"line":258,"column":8},"skip":true}]},"19":{"line":275,"type":"switch","locations":[{"start":{"line":276,"column":20},"end":{"line":277,"column":64},"skip":true},{"start":{"line":278,"column":20},"end":{"line":279,"column":40},"skip":true},{"start":{"line":280,"column":20},"end":{"line":281,"column":40},"skip":true},{"start":{"line":282,"column":20},"end":{"line":283,"column":39},"skip":true}]},"20":{"line":288,"type":"if","locations":[{"start":{"line":288,"column":8},"end":{"line":288,"column":8},"skip":true},{"start":{"line":288,"column":8},"end":{"line":288,"column":8},"skip":true}]},"21":{"line":288,"type":"binary-expr","locations":[{"start":{"line":288,"column":12},"end":{"line":288,"column":40},"skip":true},{"start":{"line":288,"column":44},"end":{"line":288,"column":67},"skip":true}]},"22":{"line":292,"type":"binary-expr","locations":[{"start":{"line":292,"column":12},"end":{"line":292,"column":50},"skip":true},{"start":{"line":293,"column":12},"end":{"line":293,"column":53},"skip":true}]},"23":{"line":297,"type":"binary-expr","locations":[{"start":{"line":297,"column":12},"end":{"line":297,"column":66},"skip":true},{"start":{"line":298,"column":12},"end":{"line":301,"column":36},"skip":true}]},"24":{"line":303,"type":"binary-expr","locations":[{"start":{"line":303,"column":43},"end":{"line":303,"column":75},"skip":true},{"start":{"line":303,"column":79},"end":{"line":303,"column":81},"skip":true}]},"25":{"line":306,"type":"if","locations":[{"start":{"line":306,"column":8},"end":{"line":306,"column":8},"skip":true},{"start":{"line":306,"column":8},"end":{"line":306,"column":8},"skip":true}]},"26":{"line":310,"type":"if","locations":[{"start":{"line":310,"column":8},"end":{"line":310,"column":8},"skip":true},{"start":{"line":310,"column":8},"end":{"line":310,"column":8},"skip":true}]},"27":{"line":313,"type":"binary-expr","locations":[{"start":{"line":313,"column":27},"end":{"line":313,"column":43},"skip":true},{"start":{"line":313,"column":47},"end":{"line":313,"column":53},"skip":true}]},"28":{"line":317,"type":"if","locations":[{"start":{"line":317,"column":12},"end":{"line":317,"column":12},"skip":true},{"start":{"line":317,"column":12},"end":{"line":317,"column":12},"skip":true}]}},"code":["/*","example.js","","quickstart example","","instruction","    1. save this script as example.js","    2. run the shell command:","        $ npm install npmtest-testling && PORT=8081 node example.js","    3. play with the browser-demo on http://127.0.0.1:8081","*/","","","","/* istanbul instrument in package npmtest_testling */","/*jslint","    bitwise: true,","    browser: true,","    maxerr: 8,","    maxlen: 96,","    node: true,","    nomen: true,","    regexp: true,","    stupid: true","*/","(function () {","    'use strict';","    var local;","","","","    // run shared js-env code - init-before","    (function () {","        // init local","        local = {};","        // init modeJs","        local.modeJs = (function () {","            try {","                return typeof navigator.userAgent === 'string' &&","                    typeof document.querySelector('body') === 'object' &&","                    typeof XMLHttpRequest.prototype.open === 'function' &&","                    'browser';","            } catch (errorCaughtBrowser) {","                return module.exports &&","                    typeof process.versions.node === 'string' &&","                    typeof require('http').createServer === 'function' &&","                    'node';","            }","        }());","        // init global","        local.global = local.modeJs === 'browser'","            ? window","            : global;","        // init utility2_rollup","        local = local.global.utility2_rollup || (local.modeJs === 'browser'","            ? local.global.utility2_npmtest_testling","            : global.utility2_moduleExports);","        // export local","        local.global.local = local;","    }());","    switch (local.modeJs) {","","","","    // init-after","    // run browser js-env code - init-after","    /* istanbul ignore next */","    case 'browser':","        local.testRunBrowser = function (event) {","            if (!event || (event &&","                    event.currentTarget &&","                    event.currentTarget.className &&","                    event.currentTarget.className.includes &&","                    event.currentTarget.className.includes('onreset'))) {","                // reset output","                Array.from(","                    document.querySelectorAll('body > .resettable')","                ).forEach(function (element) {","                    switch (element.tagName) {","                    case 'INPUT':","                    case 'TEXTAREA':","                        element.value = '';","                        break;","                    default:","                        element.textContent = '';","                    }","                });","            }","            switch (event && event.currentTarget && event.currentTarget.id) {","            case 'testRunButton1':","                // show tests","                if (document.querySelector('#testReportDiv1').style.display === 'none') {","                    document.querySelector('#testReportDiv1').style.display = 'block';","                    document.querySelector('#testRunButton1').textContent =","                        'hide internal test';","                    local.modeTest = true;","                    local.testRunDefault(local);","                // hide tests","                } else {","                    document.querySelector('#testReportDiv1').style.display = 'none';","                    document.querySelector('#testRunButton1').textContent = 'run internal test';","                }","                break;","            // custom-case","            default:","                break;","            }","            if (document.querySelector('#inputTextareaEval1') && (!event || (event &&","                    event.currentTarget &&","                    event.currentTarget.className &&","                    event.currentTarget.className.includes &&","                    event.currentTarget.className.includes('oneval')))) {","                // try to eval input-code","                try {","                    /*jslint evil: true*/","                    eval(document.querySelector('#inputTextareaEval1').value);","                } catch (errorCaught) {","                    console.error(errorCaught);","                }","            }","        };","        // log stderr and stdout to #outputTextareaStdout1","        ['error', 'log'].forEach(function (key) {","            console[key + '_original'] = console[key];","            console[key] = function () {","                var element;","                console[key + '_original'].apply(console, arguments);","                element = document.querySelector('#outputTextareaStdout1');","                if (!element) {","                    return;","                }","                // append text to #outputTextareaStdout1","                element.value += Array.from(arguments).map(function (arg) {","                    return typeof arg === 'string'","                        ? arg","                        : JSON.stringify(arg, null, 4);","                }).join(' ') + '\\n';","                // scroll textarea to bottom","                element.scrollTop = element.scrollHeight;","            };","        });","        // init event-handling","        ['change', 'click', 'keyup'].forEach(function (event) {","            Array.from(document.querySelectorAll('.on' + event)).forEach(function (element) {","                element.addEventListener(event, local.testRunBrowser);","            });","        });","        // run tests","        local.testRunBrowser();","        break;","","","","    // run node js-env code - init-after","    /* istanbul ignore next */","    case 'node':","        // export local","        module.exports = local;","        // require modules","        local.fs = require('fs');","        local.http = require('http');","        local.url = require('url');","        // init assets","        local.assetsDict = local.assetsDict || {};","        /* jslint-ignore-begin */","        local.assetsDict['/assets.index.template.html'] = '\\","<!doctype html>\\n\\","<html lang=\"en\">\\n\\","<head>\\n\\","<meta charset=\"UTF-8\">\\n\\","<meta name=\"viewport\" content=\"width=device-width, initial-scale=1\">\\n\\","<title>{{env.npm_package_name}} (v{{env.npm_package_version}})</title>\\n\\","<style>\\n\\","/*csslint\\n\\","    box-sizing: false,\\n\\","    universal-selector: false\\n\\","*/\\n\\","* {\\n\\","    box-sizing: border-box;\\n\\","}\\n\\","body {\\n\\","    background: #dde;\\n\\","    font-family: Arial, Helvetica, sans-serif;\\n\\","    margin: 2rem;\\n\\","}\\n\\","body > * {\\n\\","    margin-bottom: 1rem;\\n\\","}\\n\\",".utility2FooterDiv {\\n\\","    margin-top: 20px;\\n\\","    text-align: center;\\n\\","}\\n\\","</style>\\n\\","<style>\\n\\","/*csslint\\n\\","*/\\n\\","textarea {\\n\\","    font-family: monospace;\\n\\","    height: 10rem;\\n\\","    width: 100%;\\n\\","}\\n\\","textarea[readonly] {\\n\\","    background: #ddd;\\n\\","}\\n\\","</style>\\n\\","</head>\\n\\","<body>\\n\\","<!-- utility2-comment\\n\\","<div id=\"ajaxProgressDiv1\" style=\"background: #d00; height: 2px; left: 0; margin: 0; padding: 0; position: fixed; top: 0; transition: background 0.5s, width 1.5s; width: 25%;\"></div>\\n\\","utility2-comment -->\\n\\","<h1>\\n\\","<!-- utility2-comment\\n\\","    <a\\n\\","        {{#if env.npm_package_homepage}}\\n\\","        href=\"{{env.npm_package_homepage}}\"\\n\\","        {{/if env.npm_package_homepage}}\\n\\","        target=\"_blank\"\\n\\","    >\\n\\","utility2-comment -->\\n\\","        {{env.npm_package_name}} (v{{env.npm_package_version}})\\n\\","<!-- utility2-comment\\n\\","    </a>\\n\\","utility2-comment -->\\n\\","</h1>\\n\\","<h3>{{env.npm_package_description}}</h3>\\n\\","<!-- utility2-comment\\n\\","<h4><a download href=\"assets.app.js\">download standalone app</a></h4>\\n\\","<button class=\"onclick onreset\" id=\"testRunButton1\">run internal test</button><br>\\n\\","<div id=\"testReportDiv1\" style=\"display: none;\"></div>\\n\\","utility2-comment -->\\n\\","\\n\\","\\n\\","\\n\\","<label>stderr and stdout</label>\\n\\","<textarea class=\"resettable\" id=\"outputTextareaStdout1\" readonly></textarea>\\n\\","<!-- utility2-comment\\n\\","{{#if isRollup}}\\n\\","<script src=\"assets.app.js\"></script>\\n\\","{{#unless isRollup}}\\n\\","utility2-comment -->\\n\\","<script src=\"assets.utility2.rollup.js\"></script>\\n\\","<script src=\"jsonp.utility2._stateInit?callback=window.utility2._stateInit\"></script>\\n\\","<script src=\"assets.npmtest_testling.rollup.js\"></script>\\n\\","<script src=\"assets.example.js\"></script>\\n\\","<script src=\"assets.test.js\"></script>\\n\\","<!-- utility2-comment\\n\\","{{/if isRollup}}\\n\\","utility2-comment -->\\n\\","<div class=\"utility2FooterDiv\">\\n\\","    [ this app was created with\\n\\","    <a href=\"https://github.com/kaizhu256/node-utility2\" target=\"_blank\">utility2</a>\\n\\","    ]\\n\\","</div>\\n\\","</body>\\n\\","</html>\\n\\","';","        /* jslint-ignore-end */","        if (local.templateRender) {","            local.assetsDict['/'] = local.templateRender(","                local.assetsDict['/assets.index.template.html'],","                {","                    env: local.objectSetDefault(local.env, {","                        npm_package_description: 'the greatest app in the world!',","                        npm_package_name: 'my-app',","                        npm_package_nameAlias: 'my_app',","                        npm_package_version: '0.0.1'","                    })","                }","            );","        } else {","            local.assetsDict['/'] = local.assetsDict['/assets.index.template.html']","                .replace((/\\{\\{env\\.(\\w+?)\\}\\}/g), function (match0, match1) {","                    // jslint-hack","                    String(match0);","                    switch (match1) {","                    case 'npm_package_description':","                        return 'the greatest app in the world!';","                    case 'npm_package_name':","                        return 'my-app';","                    case 'npm_package_nameAlias':","                        return 'my_app';","                    case 'npm_package_version':","                        return '0.0.1';","                    }","                });","        }","        // run the cli","        if (local.global.utility2_rollup || module !== require.main) {","            break;","        }","        local.assetsDict['/assets.example.js'] =","            local.assetsDict['/assets.example.js'] ||","            local.fs.readFileSync(__filename, 'utf8');","        // bug-workaround - long $npm_package_buildCustomOrg","        /* jslint-ignore-begin */","        local.assetsDict['/assets.npmtest_testling.rollup.js'] =","            local.assetsDict['/assets.npmtest_testling.rollup.js'] ||","            local.fs.readFileSync(","                local.npmtest_testling.__dirname + '/lib.npmtest_testling.js',","                'utf8'","            ).replace((/^#!/), '//');","        /* jslint-ignore-end */","        local.assetsDict['/favicon.ico'] = local.assetsDict['/favicon.ico'] || '';","        // if $npm_config_timeout_exit exists,","        // then exit this process after $npm_config_timeout_exit ms","        if (Number(process.env.npm_config_timeout_exit)) {","            setTimeout(process.exit, Number(process.env.npm_config_timeout_exit));","        }","        // start server","        if (local.global.utility2_serverHttp1) {","            break;","        }","        process.env.PORT = process.env.PORT || '8081';","        console.error('server starting on port ' + process.env.PORT);","        local.http.createServer(function (request, response) {","            request.urlParsed = local.url.parse(request.url);","            if (local.assetsDict[request.urlParsed.pathname] !== undefined) {","                response.end(local.assetsDict[request.urlParsed.pathname]);","                return;","            }","            response.statusCode = 404;","            response.end();","        }).listen(process.env.PORT);","        break;","    }","}());",""],"l":{"26":2,"28":2,"33":2,"35":2,"37":2,"38":2,"39":2,"44":1,"51":2,"55":2,"59":2,"61":2,"69":1,"70":2,"76":2,"79":2,"82":2,"83":2,"85":1,"89":2,"92":1,"93":1,"94":1,"96":1,"97":1,"100":1,"101":1,"103":1,"106":1,"108":2,"114":1,"116":1,"118":1,"123":1,"124":2,"125":2,"126":3,"127":3,"128":3,"129":3,"130":1,"133":3,"134":3,"139":3,"143":1,"144":3,"145":1,"149":1,"150":1,"158":1,"160":1,"161":1,"162":1,"164":1,"166":1,"258":1,"259":1,"271":1,"274":6,"275":6,"277":1,"279":2,"281":1,"283":2,"288":1,"289":1,"291":1,"296":1,"303":1,"306":1,"307":1,"310":1,"311":1,"313":1,"314":1,"315":1,"316":1,"317":1,"318":1,"319":1,"321":1,"322":1,"324":1}},"/home/travis/build/npmtest/node-npmtest-testling/node_modules/testling/browser/prelude.js":{"path":"/home/travis/build/npmtest/node-npmtest-testling/node_modules/testling/browser/prelude.js","s":{"1":2,"2":2,"3":2,"4":2,"5":2,"6":2,"7":2,"8":1,"9":0,"10":0,"11":0,"12":0,"13":0,"14":0,"15":0,"16":0,"17":0,"18":0,"19":0,"20":0,"21":0,"22":0,"23":0,"24":0,"25":0,"26":0,"27":0,"28":0,"29":0,"30":0,"31":0,"32":0,"33":0,"34":0,"35":0,"36":0,"37":0,"38":0,"39":0,"40":0,"41":0,"42":0,"43":0,"44":0,"45":0,"46":0,"47":0,"48":0,"49":0,"50":0,"51":0,"52":0,"53":0,"54":0,"55":0,"56":0,"57":0,"58":0,"59":0,"60":0,"61":0,"62":0,"63":0,"64":0,"65":0,"66":0,"67":0,"68":0,"69":0,"70":0,"71":0,"72":0,"73":0,"74":1,"75":0,"76":0,"77":0},"b":{"1":[2,0],"2":[0,0],"3":[0,0],"4":[0,0,0],"5":[0,0,0],"6":[0,0],"7":[0,0],"8":[0,0],"9":[0,0],"10":[0,0],"11":[0,0],"12":[0,0],"13":[0,0],"14":[0,0],"15":[0,0],"16":[0,0],"17":[0,0],"18":[0,0],"19":[0,0],"20":[0,0]},"f":{"1":1,"2":0,"3":0,"4":0,"5":0,"6":0,"7":0,"8":0,"9":0,"10":0,"11":0,"12":0,"13":0},"fnMap":{"1":{"name":"(anonymous_1)","line":6,"loc":{"start":{"line":6,"column":13},"end":{"line":6,"column":25}}},"2":{"name":"createChannel","line":10,"loc":{"start":{"line":10,"column":0},"end":{"line":10,"column":37}}},"3":{"name":"(anonymous_3)","line":13,"loc":{"start":{"line":13,"column":14},"end":{"line":13,"column":29}}},"4":{"name":"(anonymous_4)","line":17,"loc":{"start":{"line":17,"column":16},"end":{"line":17,"column":28}}},"5":{"name":"(anonymous_5)","line":18,"loc":{"start":{"line":18,"column":12},"end":{"line":18,"column":27}}},"6":{"name":"(anonymous_6)","line":26,"loc":{"start":{"line":26,"column":31},"end":{"line":26,"column":46}}},"7":{"name":"(anonymous_7)","line":31,"loc":{"start":{"line":31,"column":27},"end":{"line":31,"column":39}}},"8":{"name":"(anonymous_8)","line":32,"loc":{"start":{"line":32,"column":15},"end":{"line":32,"column":27}}},"9":{"name":"(anonymous_9)","line":35,"loc":{"start":{"line":35,"column":17},"end":{"line":35,"column":46}}},"10":{"name":"(anonymous_10)","line":69,"loc":{"start":{"line":69,"column":14},"end":{"line":69,"column":26}}},"11":{"name":"(anonymous_11)","line":83,"loc":{"start":{"line":83,"column":14},"end":{"line":83,"column":29}}},"12":{"name":"(anonymous_12)","line":88,"loc":{"start":{"line":88,"column":44},"end":{"line":88,"column":60}}},"13":{"name":"parseBoolean","line":115,"loc":{"start":{"line":115,"column":0},"end":{"line":115,"column":26}}}},"statementMap":{"1":{"start":{"line":1,"column":0},"end":{"line":1,"column":38}},"2":{"start":{"line":2,"column":0},"end":{"line":2,"column":31}},"3":{"start":{"line":3,"column":0},"end":{"line":3,"column":64}},"4":{"start":{"line":4,"column":0},"end":{"line":4,"column":40}},"5":{"start":{"line":6,"column":0},"end":{"line":6,"column":28}},"6":{"start":{"line":7,"column":0},"end":{"line":7,"column":33}},"7":{"start":{"line":8,"column":0},"end":{"line":8,"column":38}},"8":{"start":{"line":10,"column":0},"end":{"line":23,"column":1}},"9":{"start":{"line":11,"column":4},"end":{"line":11,"column":23}},"10":{"start":{"line":12,"column":4},"end":{"line":12,"column":22}},"11":{"start":{"line":13,"column":4},"end":{"line":16,"column":6}},"12":{"start":{"line":14,"column":8},"end":{"line":14,"column":42}},"13":{"start":{"line":14,"column":25},"end":{"line":14,"column":42}},"14":{"start":{"line":15,"column":8},"end":{"line":15,"column":37}},"15":{"start":{"line":17,"column":4},"end":{"line":17,"column":31}},"16":{"start":{"line":18,"column":4},"end":{"line":20,"column":6}},"17":{"start":{"line":19,"column":8},"end":{"line":19,"column":24}},"18":{"start":{"line":22,"column":4},"end":{"line":22,"column":13}},"19":{"start":{"line":25,"column":0},"end":{"line":25,"column":19}},"20":{"start":{"line":26,"column":0},"end":{"line":29,"column":3}},"21":{"start":{"line":27,"column":4},"end":{"line":27,"column":52}},"22":{"start":{"line":28,"column":4},"end":{"line":28,"column":29}},"23":{"start":{"line":28,"column":11},"end":{"line":28,"column":29}},"24":{"start":{"line":30,"column":0},"end":{"line":30,"column":33}},"25":{"start":{"line":31,"column":0},"end":{"line":31,"column":53}},"26":{"start":{"line":31,"column":41},"end":{"line":31,"column":50}},"27":{"start":{"line":32,"column":0},"end":{"line":32,"column":40}},"28":{"start":{"line":32,"column":29},"end":{"line":32,"column":38}},"29":{"start":{"line":34,"column":0},"end":{"line":34,"column":30}},"30":{"start":{"line":35,"column":0},"end":{"line":62,"column":2}},"31":{"start":{"line":36,"column":4},"end":{"line":36,"column":42}},"32":{"start":{"line":37,"column":4},"end":{"line":42,"column":6}},"33":{"start":{"line":43,"column":4},"end":{"line":56,"column":5}},"34":{"start":{"line":44,"column":8},"end":{"line":44,"column":50}},"35":{"start":{"line":45,"column":8},"end":{"line":45,"column":20}},"36":{"start":{"line":46,"column":8},"end":{"line":48,"column":9}},"37":{"start":{"line":47,"column":12},"end":{"line":47,"column":41}},"38":{"start":{"line":50,"column":8},"end":{"line":55,"column":29}},"39":{"start":{"line":57,"column":4},"end":{"line":57,"column":13}},"40":{"start":{"line":59,"column":4},"end":{"line":61,"column":5}},"41":{"start":{"line":60,"column":8},"end":{"line":60,"column":47}},"42":{"start":{"line":63,"column":0},"end":{"line":63,"column":40}},"43":{"start":{"line":65,"column":0},"end":{"line":67,"column":1}},"44":{"start":{"line":66,"column":4},"end":{"line":66,"column":17}},"45":{"start":{"line":69,"column":0},"end":{"line":80,"column":5}},"46":{"start":{"line":70,"column":4},"end":{"line":72,"column":5}},"47":{"start":{"line":73,"column":4},"end":{"line":73,"column":77}},"48":{"start":{"line":74,"column":4},"end":{"line":74,"column":18}},"49":{"start":{"line":75,"column":4},"end":{"line":78,"column":5}},"50":{"start":{"line":76,"column":8},"end":{"line":76,"column":36}},"51":{"start":{"line":77,"column":8},"end":{"line":77,"column":40}},"52":{"start":{"line":79,"column":4},"end":{"line":79,"column":16}},"53":{"start":{"line":82,"column":0},"end":{"line":82,"column":30}},"54":{"start":{"line":83,"column":0},"end":{"line":111,"column":2}},"55":{"start":{"line":84,"column":4},"end":{"line":84,"column":18}},"56":{"start":{"line":85,"column":4},"end":{"line":85,"column":25}},"57":{"start":{"line":87,"column":4},"end":{"line":92,"column":28}},"58":{"start":{"line":88,"column":8},"end":{"line":90,"column":11}},"59":{"start":{"line":89,"column":12},"end":{"line":89,"column":37}},"60":{"start":{"line":92,"column":9},"end":{"line":92,"column":28}},"61":{"start":{"line":94,"column":4},"end":{"line":96,"column":5}},"62":{"start":{"line":95,"column":8},"end":{"line":95,"column":38}},"63":{"start":{"line":98,"column":4},"end":{"line":104,"column":5}},"64":{"start":{"line":99,"column":8},"end":{"line":99,"column":64}},"65":{"start":{"line":100,"column":8},"end":{"line":103,"column":9}},"66":{"start":{"line":101,"column":12},"end":{"line":101,"column":58}},"67":{"start":{"line":102,"column":12},"end":{"line":102,"column":34}},"68":{"start":{"line":105,"column":4},"end":{"line":105,"column":37}},"69":{"start":{"line":107,"column":4},"end":{"line":110,"column":59}},"70":{"start":{"line":108,"column":8},"end":{"line":108,"column":50}},"71":{"start":{"line":110,"column":9},"end":{"line":110,"column":59}},"72":{"start":{"line":110,"column":26},"end":{"line":110,"column":59}},"73":{"start":{"line":113,"column":0},"end":{"line":113,"column":35}},"74":{"start":{"line":115,"column":0},"end":{"line":118,"column":1}},"75":{"start":{"line":116,"column":4},"end":{"line":116,"column":49}},"76":{"start":{"line":116,"column":36},"end":{"line":116,"column":49}},"77":{"start":{"line":117,"column":4},"end":{"line":117,"column":16}}},"branchMap":{"1":{"line":3,"type":"cond-expr","locations":[{"start":{"line":3,"column":38},"end":{"line":3,"column":42}},{"start":{"line":3,"column":45},"end":{"line":3,"column":63}}]},"2":{"line":14,"type":"if","locations":[{"start":{"line":14,"column":8},"end":{"line":14,"column":8}},{"start":{"line":14,"column":8},"end":{"line":14,"column":8}}]},"3":{"line":28,"type":"if","locations":[{"start":{"line":28,"column":4},"end":{"line":28,"column":4}},{"start":{"line":28,"column":4},"end":{"line":28,"column":4}}]},"4":{"line":36,"type":"binary-expr","locations":[{"start":{"line":36,"column":15},"end":{"line":36,"column":18}},{"start":{"line":36,"column":22},"end":{"line":36,"column":30}},{"start":{"line":36,"column":34},"end":{"line":36,"column":41}}]},"5":{"line":39,"type":"binary-expr","locations":[{"start":{"line":39,"column":11},"end":{"line":39,"column":14}},{"start":{"line":39,"column":18},"end":{"line":39,"column":29}},{"start":{"line":39,"column":33},"end":{"line":39,"column":44}}]},"6":{"line":40,"type":"cond-expr","locations":[{"start":{"line":40,"column":21},"end":{"line":40,"column":42}},{"start":{"line":40,"column":45},"end":{"line":40,"column":47}}]},"7":{"line":43,"type":"if","locations":[{"start":{"line":43,"column":4},"end":{"line":43,"column":4}},{"start":{"line":43,"column":4},"end":{"line":43,"column":4}}]},"8":{"line":43,"type":"binary-expr","locations":[{"start":{"line":43,"column":8},"end":{"line":43,"column":11}},{"start":{"line":43,"column":15},"end":{"line":43,"column":24}}]},"9":{"line":59,"type":"if","locations":[{"start":{"line":59,"column":4},"end":{"line":59,"column":4}},{"start":{"line":59,"column":4},"end":{"line":59,"column":4}}]},"10":{"line":65,"type":"if","locations":[{"start":{"line":65,"column":0},"end":{"line":65,"column":0}},{"start":{"line":65,"column":0},"end":{"line":65,"column":0}}]},"11":{"line":70,"type":"cond-expr","locations":[{"start":{"line":71,"column":10},"end":{"line":71,"column":28}},{"start":{"line":71,"column":31},"end":{"line":71,"column":39}}]},"12":{"line":73,"type":"binary-expr","locations":[{"start":{"line":73,"column":17},"end":{"line":73,"column":39}},{"start":{"line":73,"column":43},"end":{"line":73,"column":45}}]},"13":{"line":87,"type":"if","locations":[{"start":{"line":87,"column":4},"end":{"line":87,"column":4}},{"start":{"line":87,"column":4},"end":{"line":87,"column":4}}]},"14":{"line":98,"type":"if","locations":[{"start":{"line":98,"column":4},"end":{"line":98,"column":4}},{"start":{"line":98,"column":4},"end":{"line":98,"column":4}}]},"15":{"line":98,"type":"binary-expr","locations":[{"start":{"line":98,"column":8},"end":{"line":98,"column":33}},{"start":{"line":98,"column":37},"end":{"line":98,"column":62}}]},"16":{"line":100,"type":"if","locations":[{"start":{"line":100,"column":8},"end":{"line":100,"column":8}},{"start":{"line":100,"column":8},"end":{"line":100,"column":8}}]},"17":{"line":107,"type":"if","locations":[{"start":{"line":107,"column":4},"end":{"line":107,"column":4}},{"start":{"line":107,"column":4},"end":{"line":107,"column":4}}]},"18":{"line":110,"type":"if","locations":[{"start":{"line":110,"column":9},"end":{"line":110,"column":9}},{"start":{"line":110,"column":9},"end":{"line":110,"column":9}}]},"19":{"line":116,"type":"if","locations":[{"start":{"line":116,"column":4},"end":{"line":116,"column":4}},{"start":{"line":116,"column":4},"end":{"line":116,"column":4}}]},"20":{"line":116,"type":"binary-expr","locations":[{"start":{"line":116,"column":8},"end":{"line":116,"column":21}},{"start":{"line":116,"column":25},"end":{"line":116,"column":34}}]}},"code":["var xws = require('xhr-write-stream');","var Stream = require('stream');","var json = typeof JSON === 'object' ? JSON : require('jsonify');","var inspect = require('object-inspect');","","process.on = function () {};","var ws = xws('/__testling/sock');","ws.write(window.location.hash + '\\n');","","function createChannel (writeListen) {","    var c = new Stream;","    c.writable = true;","    c.write = function (buf) {","        if (writeListen) writeListen(buf);","        return ws.write(String(buf));","    };","    c.destroy = function () {};","    c.end = function (buf) {","        c.emit('close');","    };","    ","    return c;","}","","var lastTestId = 0;","process.stdout = createChannel(function (buf) {","    var m = /^(?:not )? ok (\\d+)/.exec(String(buf));","    if (m) lastTestId = m[1];","});","process.stderr = createChannel();","process.stdout.on('close', function () { ws.end() });","process.exit = function () { ws.end() };","","var oldError = window.onerror;","window.onerror = function (err, url, lineNum) {","    var type = err && err.name || 'Error';","    process.stdout.write(","        'not ok ' + (lastTestId + 1) + ' ' + type + ': '","        + (err && err.message || String(err))","        + (lineNum ? ' on line ' + lineNum : '')","        + '\\n'","    );","    if (err && err.stack) {","        var lines = String(err.stack).split('\\n');","        var xs = [];","        for (var i = 0; i < lines.length; i++) {","            xs.push('      ' + lines[i]);","        }","        ","        process.stdout.write([","            '  ---',","            '    stack:',","            xs.join('\\n'),","            '  ...'","        ].join('\\n') + '\\n');","    }","    ws.end();","    ","    if (typeof oldError === 'function') {","        return oldError.apply(this, arguments);","    }","};","window.__testlingErrorHandler = onerror;","","if (typeof console === 'undefined') {","    console = {};","}","","var params = (function () {","    var unesc = typeof decodeURIComponent !== 'undefined'","        ? decodeURIComponent : unescape","    ;","    var parts = (window.location.search || '').replace(/^\\?/, '').split('&');","    var opts = {};","    for (var i = 0; i < parts.length; i++) {","        var x = parts[i].split('=');","        opts[unesc(x[0])] = unesc(x[1]);","    }","    return opts;","})();","","var originalLog = console.log;","console.log = function (msg) {","    var index = 1;","    var args = arguments;","    ","    if (typeof msg === 'string') {","        msg = msg.replace(/(^|[^%])%[sd]/g, function (_, s) {","            return s + args[index++];","        });","    }","    else msg = inspect(msg);","    ","    for (var i = index; i < args.length; i++) {","        msg += ' ' + inspect(args[i]);","    }","    ","    if (params.show === undefined || parseBoolean(params.show)) {","        var elem = document.getElementById('__testling_output');","        if (elem) {","            var txt = document.createTextNode(msg + '\\n');","            elem.appendChild(txt);","        }","    }","    process.stdout.write(msg + '\\n');","    ","    if (typeof originalLog === 'function') {","        return originalLog.apply(this, arguments);","    }","    else if (originalLog) return originalLog(arguments[0]);","};","","window.__testlingConsole = console;","","function parseBoolean (x) {","    if (x === 'false' || x === '0') return false;","    return true;","}",""],"l":{"1":2,"2":2,"3":2,"4":2,"6":2,"7":2,"8":2,"10":1,"11":0,"12":0,"13":0,"14":0,"15":0,"17":0,"18":0,"19":0,"22":0,"25":0,"26":0,"27":0,"28":0,"30":0,"31":0,"32":0,"34":0,"35":0,"36":0,"37":0,"43":0,"44":0,"45":0,"46":0,"47":0,"50":0,"57":0,"59":0,"60":0,"63":0,"65":0,"66":0,"69":0,"70":0,"73":0,"74":0,"75":0,"76":0,"77":0,"79":0,"82":0,"83":0,"84":0,"85":0,"87":0,"88":0,"89":0,"92":0,"94":0,"95":0,"98":0,"99":0,"100":0,"101":0,"102":0,"105":0,"107":0,"108":0,"110":0,"113":0,"115":1,"116":0,"117":0}},"/home/travis/build/npmtest/node-npmtest-testling/node_modules/testling/bundle/prelude.js":{"path":"/home/travis/build/npmtest/node-npmtest-testling/node_modules/testling/bundle/prelude.js","s":{"1":2,"2":1,"3":96,"4":52,"5":0,"6":0,"7":0,"8":0,"9":0,"10":0,"11":52,"12":52,"13":94,"14":94,"15":90,"16":2,"17":2,"18":2,"19":0,"20":2,"21":2,"22":0,"23":0,"24":0,"25":0,"26":0,"27":0,"28":1,"29":0,"30":0,"31":0,"32":0,"33":0,"34":0,"35":0,"36":0,"37":0,"38":0,"39":0,"40":0,"41":0,"42":0,"43":0,"44":0,"45":0,"46":0,"47":0,"48":0,"49":0,"50":0,"51":0,"52":0,"53":0,"54":0,"55":0,"56":0,"57":0,"58":0,"59":0,"60":0,"61":0,"62":0,"63":0,"64":0,"65":0,"66":0,"67":0,"68":0,"69":0,"70":0,"71":0,"72":0,"73":0,"74":0,"75":0,"76":0,"77":0,"78":0,"79":0,"80":0,"81":0,"82":0,"83":0,"84":0,"85":0,"86":0,"87":0,"88":0,"89":0,"90":0,"91":0,"92":0,"93":0,"94":1,"95":0,"96":0,"97":0,"98":1,"99":0,"100":0,"101":2,"102":2,"103":2,"104":2,"105":2,"106":2,"107":0,"108":0,"109":0,"110":0,"111":2,"112":0,"113":0,"114":0,"115":0,"116":0,"117":0,"118":0,"119":0,"120":0,"121":0,"122":0,"123":0,"124":0,"125":0,"126":0,"127":0,"128":0,"129":0,"130":0,"131":0,"132":0,"133":0,"134":0,"135":0,"136":0,"137":0,"138":0,"139":0,"140":0,"141":0,"142":0,"143":0,"144":0,"145":0,"146":0,"147":0,"148":2,"149":0,"150":0,"151":0,"152":0,"153":0,"154":0,"155":0,"156":0,"157":0,"158":0,"159":0,"160":0,"161":0,"162":0,"163":0,"164":0,"165":0,"166":0,"167":0,"168":0,"169":0,"170":0,"171":2,"172":2,"173":0,"174":0,"175":0,"176":1,"177":0,"178":0,"179":0,"180":0,"181":0,"182":0,"183":0,"184":2,"185":0,"186":0,"187":0,"188":0,"189":0,"190":0,"191":0,"192":0,"193":0,"194":0,"195":0,"196":0,"197":0,"198":0,"199":0,"200":0,"201":0,"202":0,"203":0,"204":0,"205":0,"206":0,"207":0,"208":0,"209":0,"210":0,"211":2,"212":0,"213":0,"214":0,"215":0,"216":0,"217":0,"218":0,"219":0,"220":0,"221":0,"222":0,"223":0,"224":0,"225":0,"226":0,"227":0,"228":0,"229":0,"230":0,"231":0,"232":0,"233":0,"234":0,"235":0,"236":2,"237":0,"238":0,"239":0,"240":0,"241":0,"242":0,"243":0,"244":2,"245":0,"246":0,"247":0,"248":0,"249":0,"250":0,"251":0,"252":1,"253":0,"254":1,"255":0,"256":1,"257":0,"258":1,"259":0,"260":2,"261":2,"262":2,"263":2,"264":2,"265":0,"266":0,"267":0,"268":0,"269":0,"270":0,"271":0,"272":0,"273":0,"274":0,"275":0,"276":0,"277":0,"278":0,"279":0,"280":0,"281":0,"282":0,"283":0,"284":0,"285":0,"286":0,"287":2,"288":0,"289":0,"290":0,"291":0,"292":2,"293":2,"294":2,"295":2,"296":2,"297":0,"298":0,"299":0,"300":0,"301":0,"302":0,"303":0,"304":0,"305":0,"306":0,"307":0,"308":0,"309":0,"310":0,"311":0,"312":2,"313":2,"314":2,"315":2,"316":2,"317":0,"318":0,"319":0,"320":0,"321":0,"322":0,"323":0,"324":0,"325":0,"326":0,"327":0,"328":0,"329":0,"330":0,"331":0,"332":0,"333":0,"334":0,"335":0,"336":0,"337":0,"338":0,"339":0,"340":0,"341":0,"342":0,"343":0,"344":0,"345":2,"346":2,"347":0,"348":0,"349":0,"350":0,"351":2,"352":0,"353":2,"354":0,"355":0,"356":2,"357":0,"358":0,"359":0,"360":0,"361":0,"362":0,"363":0,"364":0,"365":0,"366":0,"367":0,"368":0,"369":0,"370":0,"371":0,"372":0,"373":0,"374":0,"375":0,"376":0,"377":0,"378":0,"379":0,"380":0,"381":0,"382":0,"383":2,"384":2,"385":0,"386":0,"387":0,"388":2,"389":0,"390":0,"391":0,"392":0,"393":2,"394":0,"395":2,"396":0,"397":0,"398":0,"399":0,"400":0,"401":0,"402":2,"403":2,"404":2,"405":0,"406":0,"407":2,"408":2,"409":1,"410":0,"411":0,"412":0,"413":0,"414":0,"415":0,"416":0,"417":0,"418":0,"419":0,"420":0,"421":0,"422":0,"423":0,"424":0,"425":0,"426":2,"427":0,"428":0,"429":0,"430":0,"431":0,"432":0,"433":2,"434":0,"435":2,"436":0,"437":0,"438":0,"439":0,"440":0,"441":0,"442":0,"443":0,"444":0,"445":0,"446":0,"447":0,"448":0,"449":0,"450":0,"451":0,"452":0,"453":0,"454":0,"455":0,"456":0,"457":0,"458":0,"459":0,"460":0,"461":2,"462":0,"463":0,"464":0,"465":0,"466":0,"467":0,"468":0,"469":0,"470":2,"471":0,"472":2,"473":2,"474":2,"475":1,"476":0,"477":2,"478":2,"479":2,"480":0,"481":0,"482":0,"483":0,"484":0,"485":0,"486":2,"487":0,"488":0,"489":0,"490":0,"491":0,"492":0,"493":2,"494":2,"495":16,"496":16,"497":0,"498":0,"499":0,"500":0,"501":0,"502":0,"503":2,"504":2,"505":2,"506":2,"507":2,"508":0,"509":0,"510":2,"511":0,"512":0,"513":0,"514":0,"515":0,"516":0,"517":0,"518":0,"519":0,"520":0,"521":0,"522":2,"523":0,"524":2,"525":2,"526":2,"527":2,"528":2,"529":0,"530":2,"531":0,"532":2,"533":0,"534":2,"535":2,"536":2,"537":2,"538":2,"539":2,"540":2,"541":2,"542":0,"543":2,"544":2,"545":2,"546":2,"547":2,"548":0,"549":1,"550":0,"551":0,"552":0,"553":0,"554":0,"555":0,"556":0,"557":0,"558":0,"559":0,"560":0,"561":0,"562":0,"563":0,"564":0,"565":0,"566":0,"567":0,"568":0,"569":0,"570":0,"571":0,"572":0,"573":0,"574":0,"575":0,"576":0,"577":0,"578":0,"579":0,"580":0,"581":0,"582":0,"583":0,"584":0,"585":2,"586":0,"587":0,"588":0,"589":2,"590":0,"591":2,"592":0,"593":0,"594":0,"595":0,"596":0,"597":0,"598":0,"599":0,"600":0,"601":0,"602":0,"603":0,"604":0,"605":0,"606":0,"607":2,"608":0,"609":0,"610":0,"611":0,"612":0,"613":0,"614":0,"615":0,"616":0,"617":0,"618":0,"619":0,"620":0,"621":0,"622":0,"623":0,"624":0,"625":1,"626":0,"627":0,"628":0,"629":0,"630":0,"631":0,"632":0,"633":0,"634":0,"635":0,"636":0,"637":0,"638":0,"639":0,"640":0,"641":0,"642":0,"643":1,"644":0,"645":0,"646":1,"647":0,"648":0,"649":1,"650":0,"651":1,"652":0,"653":0,"654":2,"655":0,"656":0,"657":0,"658":0,"659":0,"660":0,"661":0,"662":0,"663":0,"664":0,"665":0,"666":0,"667":0,"668":0,"669":0,"670":0,"671":0,"672":0,"673":0,"674":0,"675":0,"676":0,"677":0,"678":2,"679":0,"680":0,"681":0,"682":0,"683":0,"684":0,"685":0,"686":0,"687":0,"688":0,"689":0,"690":0,"691":0,"692":2,"693":0,"694":2,"695":0,"696":0,"697":0,"698":0,"699":0,"700":0,"701":0,"702":0,"703":0,"704":0,"705":0,"706":0,"707":0,"708":0,"709":0,"710":0,"711":0,"712":0,"713":0,"714":0,"715":0,"716":1,"717":0,"718":0,"719":0,"720":1,"721":0,"722":0,"723":0,"724":0,"725":0,"726":0,"727":0,"728":0,"729":0,"730":1,"731":0,"732":0,"733":0,"734":0,"735":0,"736":1,"737":0,"738":1,"739":0,"740":0,"741":0,"742":0,"743":0,"744":0,"745":0,"746":0,"747":0,"748":2,"749":0,"750":0,"751":0,"752":0,"753":0,"754":0,"755":0,"756":0,"757":0,"758":0,"759":2,"760":0,"761":0,"762":2,"763":0,"764":0,"765":2,"766":0,"767":0,"768":0,"769":0,"770":0,"771":0,"772":1,"773":0,"774":0,"775":0,"776":0,"777":0,"778":0,"779":0,"780":0,"781":0,"782":0,"783":0,"784":0,"785":0,"786":0,"787":0,"788":0,"789":2,"790":0,"791":2,"792":0,"793":1,"794":0,"795":0,"796":0,"797":0,"798":0,"799":0,"800":0,"801":0,"802":0,"803":0,"804":0,"805":0,"806":0,"807":0,"808":0,"809":0,"810":0,"811":0,"812":0,"813":0,"814":0,"815":0,"816":0,"817":0,"818":2,"819":0,"820":2,"821":0,"822":2,"823":0,"824":0,"825":0,"826":0,"827":0,"828":0,"829":0,"830":0,"831":0,"832":1,"833":0,"834":0,"835":0,"836":0,"837":0,"838":0,"839":0,"840":0,"841":0,"842":0,"843":0,"844":0,"845":2,"846":0,"847":2,"848":0,"849":1,"850":0,"851":0,"852":0,"853":0,"854":0,"855":0,"856":0,"857":0,"858":0,"859":0,"860":0,"861":0,"862":2,"863":0,"864":2,"865":0,"866":1,"867":0,"868":0,"869":0,"870":0,"871":2,"872":0,"873":2,"874":0,"875":1,"876":0,"877":0,"878":0,"879":0,"880":2,"881":0,"882":2,"883":0,"884":2,"885":0,"886":0,"887":0,"888":0,"889":0,"890":0,"891":0,"892":0,"893":1,"894":0,"895":0,"896":0,"897":0,"898":0,"899":0,"900":0,"901":0,"902":0,"903":0,"904":0,"905":2,"906":0,"907":2,"908":0,"909":1,"910":0,"911":0,"912":0,"913":0,"914":0,"915":0,"916":0,"917":0,"918":0,"919":0,"920":0,"921":2,"922":0,"923":2,"924":0,"925":2,"926":0,"927":0,"928":0,"929":0,"930":0,"931":0,"932":0,"933":0,"934":0,"935":0,"936":1,"937":0,"938":0,"939":0,"940":0,"941":0,"942":0,"943":0,"944":0,"945":0,"946":0,"947":0,"948":0,"949":2,"950":0,"951":2,"952":0,"953":1,"954":0,"955":0,"956":0,"957":0,"958":0,"959":0,"960":0,"961":0,"962":0,"963":0,"964":0,"965":0,"966":2,"967":0,"968":2,"969":0,"970":1,"971":0,"972":0,"973":0,"974":0,"975":0,"976":0,"977":0,"978":0,"979":0,"980":0,"981":2,"982":0,"983":2,"984":0,"985":1,"986":0,"987":0,"988":0,"989":0,"990":0,"991":0,"992":0,"993":0,"994":0,"995":0,"996":2,"997":0,"998":2,"999":0,"1000":2,"1001":0,"1002":0,"1003":0,"1004":0,"1005":0,"1006":0,"1007":0,"1008":0,"1009":0,"1010":0,"1011":0,"1012":0,"1013":0,"1014":0,"1015":0,"1016":0,"1017":0,"1018":0,"1019":2,"1020":0,"1021":0,"1022":0,"1023":0,"1024":0,"1025":0,"1026":0,"1027":0,"1028":2,"1029":0,"1030":0,"1031":0,"1032":0,"1033":0,"1034":0,"1035":0,"1036":0,"1037":1,"1038":0,"1039":0,"1040":0,"1041":2,"1042":1,"1043":0,"1044":0,"1045":0,"1046":0,"1047":0,"1048":0,"1049":0,"1050":0,"1051":0,"1052":0,"1053":0,"1054":0,"1055":0,"1056":0,"1057":0,"1058":0,"1059":0,"1060":0,"1061":0,"1062":0,"1063":0,"1064":0,"1065":0,"1066":0,"1067":0,"1068":0,"1069":0,"1070":0,"1071":0,"1072":0,"1073":0,"1074":0,"1075":0,"1076":0,"1077":0,"1078":0,"1079":0,"1080":0,"1081":0,"1082":0,"1083":0,"1084":0,"1085":0,"1086":1,"1087":0,"1088":0,"1089":0,"1090":0,"1091":0,"1092":0,"1093":0,"1094":0,"1095":0,"1096":0,"1097":0,"1098":1,"1099":0,"1100":0,"1101":1,"1102":0,"1103":0,"1104":1,"1105":0,"1106":1,"1107":0,"1108":0,"1109":0,"1110":1,"1111":0,"1112":0,"1113":0,"1114":0,"1115":0,"1116":0,"1117":0,"1118":0,"1119":0,"1120":0,"1121":0,"1122":0,"1123":1,"1124":0,"1125":0,"1126":0,"1127":0,"1128":1,"1129":0,"1130":1,"1131":0,"1132":0,"1133":0,"1134":0,"1135":0,"1136":0,"1137":1,"1138":0,"1139":0,"1140":0,"1141":1,"1142":0,"1143":0,"1144":0,"1145":0,"1146":1,"1147":0,"1148":0,"1149":0,"1150":0,"1151":1,"1152":0,"1153":0,"1154":0,"1155":1,"1156":0,"1157":0,"1158":2,"1159":2,"1160":2,"1161":2,"1162":2,"1163":2,"1164":2,"1165":2,"1166":2,"1167":1,"1168":0,"1169":0,"1170":0,"1171":0,"1172":0,"1173":0,"1174":0,"1175":0,"1176":0,"1177":0,"1178":0,"1179":0,"1180":0,"1181":1,"1182":0,"1183":0,"1184":0,"1185":0,"1186":0,"1187":0,"1188":0,"1189":0,"1190":1,"1191":0,"1192":0,"1193":0,"1194":0,"1195":0,"1196":0,"1197":0,"1198":0,"1199":0,"1200":0,"1201":0,"1202":0,"1203":0,"1204":0,"1205":1,"1206":0,"1207":1,"1208":0,"1209":1,"1210":0,"1211":0,"1212":0,"1213":0,"1214":0,"1215":0,"1216":0,"1217":0,"1218":0,"1219":0,"1220":0,"1221":0,"1222":0,"1223":0,"1224":0,"1225":0,"1226":0,"1227":2,"1228":2,"1229":2,"1230":0,"1231":0,"1232":0,"1233":0,"1234":0,"1235":0,"1236":0,"1237":0,"1238":0,"1239":0,"1240":0,"1241":0,"1242":0,"1243":0,"1244":0,"1245":0,"1246":0,"1247":2,"1248":0,"1249":0,"1250":0,"1251":0,"1252":0,"1253":0,"1254":0,"1255":0,"1256":0,"1257":0,"1258":0,"1259":0,"1260":0,"1261":0,"1262":0,"1263":0,"1264":0,"1265":0,"1266":0,"1267":0,"1268":0,"1269":0,"1270":0,"1271":0,"1272":0,"1273":0,"1274":0,"1275":0,"1276":2,"1277":2,"1278":2,"1279":2,"1280":2,"1281":2,"1282":0,"1283":2,"1284":1,"1285":0,"1286":1,"1287":0,"1288":0,"1289":0,"1290":0,"1291":1,"1292":0,"1293":1,"1294":0,"1295":0,"1296":0,"1297":0,"1298":0,"1299":0,"1300":0,"1301":0,"1302":0,"1303":0,"1304":0,"1305":1,"1306":0,"1307":0,"1308":0,"1309":0,"1310":0,"1311":0,"1312":0,"1313":0,"1314":1,"1315":0,"1316":0,"1317":0,"1318":0,"1319":0,"1320":0,"1321":0,"1322":1,"1323":0,"1324":1,"1325":0,"1326":0,"1327":0,"1328":0,"1329":0,"1330":0,"1331":1,"1332":0,"1333":0,"1334":0,"1335":0,"1336":0,"1337":0,"1338":0,"1339":0,"1340":0,"1341":0,"1342":0,"1343":0,"1344":0,"1345":0,"1346":0,"1347":0,"1348":0,"1349":0,"1350":0,"1351":0,"1352":0,"1353":0,"1354":0,"1355":0,"1356":0,"1357":0,"1358":0,"1359":0,"1360":0,"1361":0,"1362":0,"1363":1,"1364":0,"1365":0,"1366":0,"1367":0,"1368":0,"1369":0,"1370":0,"1371":0,"1372":0,"1373":0,"1374":0,"1375":0,"1376":0,"1377":0,"1378":0,"1379":0,"1380":0,"1381":0,"1382":0,"1383":0,"1384":0,"1385":0,"1386":0,"1387":0,"1388":0,"1389":0,"1390":0,"1391":0,"1392":0,"1393":0,"1394":0,"1395":0,"1396":0,"1397":0,"1398":0,"1399":0,"1400":0,"1401":0,"1402":0,"1403":0,"1404":0,"1405":0,"1406":0,"1407":1,"1408":0,"1409":0,"1410":1,"1411":0,"1412":0,"1413":2,"1414":2,"1415":0,"1416":0,"1417":2,"1418":2,"1419":2,"1420":0,"1421":0,"1422":0,"1423":1,"1424":0,"1425":2,"1426":0,"1427":0,"1428":0,"1429":0,"1430":0,"1431":0,"1432":0,"1433":0,"1434":0,"1435":0,"1436":0,"1437":0,"1438":0,"1439":0,"1440":0,"1441":0,"1442":0,"1443":0,"1444":0,"1445":0,"1446":0,"1447":0,"1448":0,"1449":0,"1450":0,"1451":0,"1452":0,"1453":0,"1454":2,"1455":0,"1456":2,"1457":0,"1458":0,"1459":0,"1460":0,"1461":0,"1462":2,"1463":0,"1464":0,"1465":0,"1466":0,"1467":0,"1468":0,"1469":0,"1470":0,"1471":0,"1472":0,"1473":0,"1474":0,"1475":0,"1476":0,"1477":2,"1478":0,"1479":1,"1480":0,"1481":0,"1482":0,"1483":0,"1484":0,"1485":0,"1486":2,"1487":0,"1488":0,"1489":0,"1490":0,"1491":0,"1492":2,"1493":2,"1494":2,"1495":2,"1496":2,"1497":2,"1498":2,"1499":2,"1500":2,"1501":2,"1502":2,"1503":1,"1504":0,"1505":0,"1506":0,"1507":0,"1508":0,"1509":0,"1510":0,"1511":0,"1512":0,"1513":0,"1514":0,"1515":0,"1516":1,"1517":0,"1518":0,"1519":0,"1520":0,"1521":0,"1522":2,"1523":2,"1524":2,"1525":2,"1526":2,"1527":2,"1528":2,"1529":2,"1530":2,"1531":2,"1532":1,"1533":0,"1534":2,"1535":0,"1536":1,"1537":0,"1538":0,"1539":0,"1540":0,"1541":1,"1542":0,"1543":0,"1544":0,"1545":0,"1546":0,"1547":0,"1548":0,"1549":1,"1550":0,"1551":0,"1552":0,"1553":0,"1554":1,"1555":0,"1556":0,"1557":0,"1558":0,"1559":0,"1560":1,"1561":0,"1562":0,"1563":0,"1564":0,"1565":0,"1566":1,"1567":0,"1568":0,"1569":0,"1570":0,"1571":0,"1572":0,"1573":0,"1574":0,"1575":0,"1576":0,"1577":0,"1578":0,"1579":0,"1580":0,"1581":2,"1582":2,"1583":2,"1584":2,"1585":2,"1586":1,"1587":0,"1588":0,"1589":0,"1590":2,"1591":0,"1592":2,"1593":2,"1594":2,"1595":2,"1596":2,"1597":2,"1598":2,"1599":2,"1600":2,"1601":2,"1602":1,"1603":0,"1604":0,"1605":0,"1606":0,"1607":0,"1608":0,"1609":0,"1610":0,"1611":0,"1612":0,"1613":0,"1614":0,"1615":0,"1616":0,"1617":0,"1618":0,"1619":0,"1620":0,"1621":0,"1622":0,"1623":0,"1624":0,"1625":0,"1626":0,"1627":0,"1628":0,"1629":0,"1630":0,"1631":0,"1632":1,"1633":0,"1634":0,"1635":0,"1636":0,"1637":0,"1638":2,"1639":0,"1640":0,"1641":0,"1642":0,"1643":0,"1644":0,"1645":0,"1646":2,"1647":0,"1648":0,"1649":1,"1650":0,"1651":0,"1652":0,"1653":0,"1654":0,"1655":0,"1656":0,"1657":0,"1658":0,"1659":0,"1660":0,"1661":0,"1662":0,"1663":0,"1664":0,"1665":0,"1666":0,"1667":0,"1668":0,"1669":0,"1670":0,"1671":0,"1672":0,"1673":0,"1674":0,"1675":0,"1676":0,"1677":1,"1678":0,"1679":2,"1680":0,"1681":0,"1682":0,"1683":0,"1684":2,"1685":1,"1686":0,"1687":0,"1688":0,"1689":0,"1690":0,"1691":0,"1692":0,"1693":1,"1694":0,"1695":0,"1696":0,"1697":0,"1698":0,"1699":0,"1700":0,"1701":0,"1702":0,"1703":0,"1704":0,"1705":0,"1706":0,"1707":0,"1708":0,"1709":0,"1710":0,"1711":0,"1712":2,"1713":0,"1714":0,"1715":0,"1716":0,"1717":0,"1718":0,"1719":0,"1720":0,"1721":0,"1722":0,"1723":0,"1724":0,"1725":0,"1726":0,"1727":0,"1728":0,"1729":0,"1730":0,"1731":0,"1732":0,"1733":0,"1734":0,"1
[...]
,"2872":1,"2873":0,"2874":0,"2875":0,"2876":0,"2878":0,"2881":2,"2882":0,"2883":0,"2884":0,"2886":0,"2892":2,"2893":2,"2922":2,"2923":2,"2924":2,"2925":2,"2926":2,"2928":2,"2930":2,"2931":2,"2932":2,"2934":1,"2935":0,"2936":0,"2938":0,"2939":0,"2941":0,"2942":0,"2944":0,"2945":0,"2947":0,"2948":0,"2949":0,"2951":0,"2955":1,"2958":0,"2959":0,"2963":0,"2964":0,"2965":0,"2991":2,"2993":2,"2994":2,"2996":2,"2997":2,"2998":2,"2999":2,"3000":2,"3001":2,"3004":2,"3011":1,"3012":0,"3015":2,"3016":0,"3018":1,"3019":0,"3020":0,"3021":0,"3026":0,"3028":1,"3029":0,"3030":0,"3034":0,"3038":0,"3039":0,"3040":0,"3043":0,"3044":1,"3045":0,"3046":0,"3048":0,"3052":1,"3053":0,"3054":0,"3056":0,"3060":1,"3061":0,"3062":0,"3063":0,"3067":0,"3068":0,"3071":1,"3072":0,"3073":0,"3075":0,"3076":0,"3078":0,"3079":0,"3081":0,"3082":0,"3084":0,"3087":0,"3088":0,"3090":0,"3092":0,"3095":0,"3099":2,"3126":2,"3128":2,"3129":2,"3130":2,"3132":1,"3133":0,"3134":0,"3136":0,"3139":2,"3140":0,"3144":2,"3165":2,"3166":2,"3168":2,"3169":2,"3170":2,"3171":2,"3172":2,"3174":2,"3175":2,"3177":1,"3178":0,"3182":0,"3183":0,"3186":0,"3188":0,"3189":0,"3190":0,"3191":0,"3192":0,"3193":0,"3194":0,"3195":0,"3201":0,"3207":0,"3211":0,"3212":0,"3213":0,"3218":0,"3223":0,"3227":0,"3230":0,"3233":0,"3235":0,"3236":0,"3237":0,"3238":0,"3239":0,"3240":0,"3241":0,"3245":1,"3246":0,"3247":0,"3249":0,"3252":0,"3254":0,"3261":2,"3262":0,"3264":0,"3265":0,"3266":0,"3267":0,"3268":0,"3272":0,"3276":2,"3277":0,"3278":0,"3281":1,"3282":0,"3283":0,"3284":0,"3285":0,"3286":0,"3287":0,"3288":0,"3289":0,"3290":0,"3291":0,"3292":0,"3293":0,"3294":0,"3295":0,"3297":0,"3298":0,"3301":0,"3302":0,"3303":0,"3305":0,"3306":0,"3309":0,"3310":0,"3312":0,"3314":0,"3315":0,"3318":0,"3330":1,"3331":0,"3338":2,"3339":0,"3340":0,"3341":0,"3342":0,"3346":2,"3347":1,"3348":0,"3349":0,"3352":0,"3353":0,"3354":0,"3356":0,"3359":1,"3360":0,"3361":0,"3363":0,"3364":0,"3366":0,"3368":0,"3369":0,"3371":0,"3374":0,"3375":0,"3381":0,"3382":0,"3385":0,"3386":0,"3387":0,"3388":0,"3390":0,"3393":0,"3397":2,"3398":0,"3399":0,"3400":0,"3402":0,"3403":0,"3408":0,"3411":0,"3412":0,"3415":0,"3418":0,"3419":0,"3420":0,"3421":0,"3447":0,"3450":0,"3451":0,"3455":0,"3456":0,"3458":0,"3459":0,"3460":0,"3462":0,"3463":0,"3465":0,"3466":0,"3472":0,"3473":0,"3475":0,"3476":0,"3477":0,"3479":0,"3481":0,"3482":0,"3483":0,"3486":0,"3490":0,"3491":0,"3496":0,"3497":0,"3499":0,"3502":1,"3503":0,"3504":0,"3510":0,"3512":0,"3516":1,"3517":0,"3518":0,"3519":0,"3520":0,"3521":0,"3524":0,"3528":0,"3529":0,"3531":0,"3537":1,"3538":0,"3539":0,"3540":0,"3541":0,"3543":0,"3544":0,"3545":0,"3546":0,"3549":0,"3552":1,"3553":0,"3563":1,"3564":0,"3565":0,"3566":0,"3567":0,"3572":1,"3573":0,"3574":0,"3576":0,"3577":0,"3579":0,"3581":0,"3583":0,"3590":2,"3591":0,"3594":2,"3595":0,"3596":0,"3598":0,"3600":0,"3601":0,"3603":0,"3604":0,"3606":0,"3607":0,"3609":0,"3611":0,"3615":0,"3616":0,"3617":0,"3619":0,"3621":0,"3622":1,"3623":0,"3624":0,"3627":1,"3628":0,"3635":0,"3636":0,"3638":1,"3640":0,"3641":0,"3642":0,"3643":0,"3644":0,"3645":0,"3646":0,"3653":0,"3654":0,"3660":0,"3661":1,"3662":0,"3663":0,"3664":0,"3666":0,"3669":1,"3670":0,"3671":0,"3673":0,"3674":1,"3675":0,"3676":0,"3678":0,"3680":1,"3681":0,"3685":0,"3688":0,"3693":0,"3695":0,"3696":0,"3697":0,"3701":0,"3704":1,"3705":0,"3706":0,"3707":0,"3708":0,"3709":0,"3710":0,"3714":1,"3715":0,"3716":0,"3717":0,"3719":1,"3720":0,"3721":0,"3722":0,"3726":0,"3728":0,"3729":0,"3731":0,"3733":0,"3736":0,"3737":0,"3744":0,"3745":0,"3748":0,"3749":0,"3750":0,"3755":0,"3758":1,"3759":0,"3760":0,"3761":0,"3766":2,"3767":0,"3770":0,"3771":0,"3774":0,"3776":0,"3777":0,"3779":0,"3780":0,"3783":0,"3784":0,"3785":0,"3786":0,"3787":0,"3788":0,"3789":0,"3794":0,"3796":0,"3797":0,"3798":0,"3799":0,"3800":0,"3801":0,"3803":0,"3804":0,"3805":0,"3809":0,"3810":0,"3811":0,"3813":0,"3814":0,"3815":0,"3816":0,"3818":0,"3820":0,"3825":2,"3826":0,"3828":0,"3829":0,"3831":0,"3832":0,"3833":0,"3834":0,"3835":0,"3836":0,"3837":0,"3838":0,"3839":0,"3840":0,"3845":0,"3847":2,"3851":2,"3852":0,"3853":0,"3854":0,"3857":2,"3858":0,"3859":0,"3862":1,"3863":0,"3865":0,"3867":0,"3870":0,"3871":0,"3874":0,"3875":0,"3876":0,"3878":0,"3879":0,"3881":0,"3882":0,"3883":0,"3885":0,"3886":0,"3887":0,"3891":0,"3892":0,"3893":0,"3896":0,"3897":0,"3898":0,"3899":0,"3900":0,"3903":0,"3904":0,"3908":0,"3914":2,"3915":0,"3916":0,"3918":0,"3919":0,"3920":0,"3921":0,"3922":0,"3923":0,"3926":0,"3929":0,"3930":0,"3931":0,"3932":0,"3933":0,"3935":0,"3936":0,"3937":0,"3938":0,"3944":0,"3945":0,"3947":0,"3948":0,"3954":0,"3955":0,"3956":0,"3957":0,"3963":0,"3964":0,"3965":0,"3966":0,"3970":0,"3976":2,"3980":1,"3981":0,"3982":0,"3983":0,"3984":0,"3985":0,"3988":0,"3989":0,"3991":0,"3992":0,"3993":0,"3994":0,"3995":0,"3997":0,"3998":0,"4000":0,"4001":0,"4004":0,"4007":0,"4008":0,"4009":0,"4010":0,"4012":0,"4016":0,"4017":0,"4019":0,"4021":0,"4022":0,"4023":0,"4024":0,"4026":0,"4027":0,"4029":0,"4031":0,"4032":0,"4034":0,"4036":0,"4041":0,"4044":1,"4045":0,"4049":0,"4050":0,"4052":0,"4053":0,"4054":0,"4056":0,"4057":0,"4058":0,"4059":0,"4065":1,"4066":0,"4067":0,"4071":1,"4072":0,"4073":0,"4075":0,"4142":2,"4144":2,"4145":2,"4146":2,"4149":1,"4150":0,"4151":0,"4154":0,"4155":0,"4156":0,"4157":0,"4160":1,"4161":0,"4162":0,"4164":0,"4166":0,"4167":0,"4169":0,"4170":0,"4172":0,"4173":0,"4175":0,"4176":0,"4178":0,"4179":0,"4180":0,"4181":0,"4186":1,"4187":0,"4188":0,"4190":0,"4192":0,"4195":0,"4198":0,"4203":0,"4205":0,"4206":0,"4207":0,"4208":0,"4211":0,"4215":2,"4216":0,"4217":0,"4230":2,"4231":0,"4234":2,"4235":0,"4236":0,"4237":0,"4238":0,"4239":0,"4240":0,"4241":0,"4244":0,"4251":2,"4252":0,"4254":0,"4255":0,"4256":0,"4260":0,"4265":1,"4266":0,"4267":0,"4271":0,"4272":0,"4273":0,"4275":0,"4276":0,"4278":0,"4279":0,"4281":0,"4310":2,"4311":2,"4313":2,"4314":0,"4316":0,"4319":2,"4320":0,"4322":0,"4326":2,"4327":2,"4328":2,"4329":2,"4331":2,"4333":1,"4334":0,"4335":0,"4336":0,"4339":1,"4340":0,"4345":0,"4346":0,"4350":0,"4353":0,"4355":0,"4357":0,"4359":0,"4361":0,"4366":0,"4367":0,"4372":0,"4377":0,"4380":0,"4386":0,"4391":0,"4394":0,"4395":0,"4399":0,"4402":0,"4404":0,"4407":1,"4410":0,"4411":0,"4413":0,"4416":0,"4418":0,"4422":2,"4423":0,"4427":1,"4428":0,"4430":0,"4431":0,"4432":0,"4441":1,"4442":0,"4443":0,"4448":0,"4449":0,"4450":0,"4451":0,"4453":0,"4455":0,"4458":2,"4459":0,"4460":0,"4462":0,"4463":0,"4464":0,"4467":0,"4468":0,"4469":0,"4470":0,"4472":0,"4473":0,"4474":0,"4475":0,"4477":0,"4478":0,"4480":0,"4481":0,"4482":0,"4483":0,"4485":0,"4488":1,"4489":0,"4492":0,"4494":0,"4500":1,"4501":0,"4502":0,"4504":0,"4506":0,"4507":0,"4509":0,"4510":0,"4512":0,"4514":0,"4517":1,"4518":0,"4519":0,"4520":0,"4521":0,"4522":0,"4523":0,"4526":1,"4527":0,"4528":0,"4529":0,"4532":0,"4534":0,"4537":1,"4538":0,"4539":0,"4540":0,"4541":0,"4544":1,"4545":0,"4546":0,"4547":0,"4549":0,"4551":0,"4552":0,"4555":0,"4557":0,"4558":0,"4560":0,"4561":0,"4562":0,"4565":0,"4570":1,"4571":0,"4572":0,"4573":0,"4574":0,"4575":0,"4581":1,"4582":0,"4583":0,"4584":0,"4590":1,"4591":0,"4593":0,"4594":0,"4595":0,"4596":0,"4597":0,"4598":0,"4600":0,"4606":0,"4607":0,"4608":0,"4612":0,"4613":0,"4614":0,"4616":0,"4619":2,"4620":0,"4623":2,"4624":0,"4626":0,"4627":0,"4628":0,"4629":0,"4630":0,"4631":0,"4632":0,"4635":0,"4636":0,"4639":0,"4640":0,"4644":1,"4645":0,"4651":1,"4652":0,"4653":0,"4654":0,"4655":0,"4657":0,"4660":1,"4661":0,"4662":0,"4663":0,"4664":0,"4665":0,"4667":0,"4669":0,"4694":0,"4696":1,"4697":0,"4698":0,"4702":0,"4703":0,"4704":0,"4705":0,"4708":0,"4709":0,"4713":0,"4714":0,"4715":0,"4718":0,"4719":0,"4720":0,"4722":0,"4723":0,"4726":0,"4727":0,"4728":0,"4732":0,"4733":0,"4734":0,"4737":0,"4739":0,"4744":0,"4745":0,"4746":0,"4748":0,"4750":0,"4754":0,"4757":0,"4758":0,"4759":0,"4760":0,"4761":0,"4763":0,"4766":0,"4769":0,"4770":0,"4773":0,"4775":0,"4776":0,"4778":0,"4779":0,"4780":0,"4783":0,"4785":0,"4786":0,"4788":0,"4789":0,"4790":0,"4791":0,"4792":0,"4793":0,"4794":0,"4798":0,"4801":0,"4803":0,"4807":0,"4808":0,"4813":0,"4814":0,"4815":0,"4819":0,"4820":0,"4821":0,"4825":0,"4826":0,"4827":0,"4831":0,"4834":0,"4835":0,"4836":0,"4837":0,"4839":0,"4840":0,"4841":0,"4842":0,"4843":0,"4846":0,"4849":1,"4850":0,"4853":1,"4854":0,"4855":0,"4856":0,"4859":1,"4860":0,"4861":0,"4862":0,"4867":2,"4891":2,"4893":2,"4894":2,"4895":2,"4896":2,"4902":2,"4961":1,"4962":0,"4964":0,"4965":0,"4968":0,"4973":0,"4975":0,"4976":0,"4977":0,"4978":0,"4979":0,"4980":0,"4987":0,"4988":0,"4989":0,"4990":0,"4991":0,"4995":0,"5005":0,"5006":0,"5007":0,"5010":0,"5011":0,"5012":0,"5014":0,"5015":0,"5019":0,"5021":0,"5022":0,"5026":0,"5027":0,"5028":0,"5029":0,"5030":0,"5033":0,"5034":0,"5035":0,"5037":0,"5038":0,"5042":0,"5043":0,"5044":0,"5045":0,"5046":0,"5051":0,"5055":0,"5059":0,"5060":0,"5061":0,"5062":0,"5063":0,"5064":0,"5065":0,"5066":0,"5067":0,"5068":0,"5069":0,"5073":0,"5075":0,"5079":0,"5080":0,"5081":0,"5082":0,"5083":0,"5084":0,"5085":0,"5087":0,"5088":0,"5090":0,"5091":0,"5098":0,"5100":0,"5105":0,"5106":0,"5107":0,"5108":0,"5109":0,"5112":0,"5115":0,"5117":0,"5120":0,"5121":0,"5122":0,"5123":0,"5130":0,"5135":0,"5136":0,"5137":0,"5138":0,"5139":0,"5141":0,"5147":0,"5148":0,"5150":0,"5151":0,"5153":0,"5154":0,"5155":0,"5156":0,"5157":0,"5158":0,"5160":0,"5161":0,"5163":0,"5164":0,"5166":0,"5167":0,"5169":0,"5173":0,"5174":0,"5179":0,"5180":0,"5184":1,"5189":0,"5191":0,"5192":0,"5193":0,"5194":0,"5195":0,"5198":0,"5204":0,"5205":0,"5206":0,"5207":0,"5210":0,"5211":0,"5215":0,"5217":0,"5220":0,"5222":0,"5226":0,"5228":0,"5229":0,"5230":0,"5231":0,"5234":0,"5235":0,"5237":0,"5240":1,"5241":0,"5244":1,"5245":0,"5247":0,"5248":0,"5251":0,"5253":0,"5254":0,"5255":0,"5259":0,"5260":0,"5262":0,"5264":0,"5266":0,"5267":0,"5270":0,"5279":0,"5280":0,"5281":0,"5283":0,"5284":0,"5285":0,"5286":0,"5287":0,"5288":0,"5289":0,"5290":0,"5291":0,"5293":0,"5294":0,"5295":0,"5296":0,"5297":0,"5298":0,"5299":0,"5301":0,"5302":0,"5305":0,"5306":0,"5307":0,"5310":0,"5328":0,"5330":0,"5331":0,"5332":0,"5333":0,"5334":0,"5336":0,"5337":0,"5338":0,"5339":0,"5340":0,"5341":0,"5342":0,"5344":0,"5346":0,"5349":0,"5351":0,"5353":0,"5355":0,"5356":0,"5357":0,"5359":0,"5362":0,"5363":0,"5364":0,"5365":0,"5366":0,"5367":0,"5371":0,"5372":0,"5376":0,"5378":0,"5379":0,"5380":0,"5383":0,"5384":0,"5386":0,"5387":0,"5390":0,"5391":0,"5393":0,"5396":0,"5398":0,"5399":0,"5401":0,"5403":0,"5404":0,"5409":0,"5410":0,"5416":0,"5417":0,"5418":0,"5419":0,"5420":0,"5421":0,"5422":0,"5423":0,"5424":0,"5425":0,"5426":0,"5431":0,"5432":0,"5433":0,"5437":0,"5439":0,"5442":0,"5443":0,"5446":0,"5450":0,"5451":0,"5456":0,"5458":0,"5459":0,"5460":0,"5464":0,"5466":0,"5467":0,"5470":0,"5472":0,"5473":0,"5476":0,"5477":0,"5478":0,"5479":0,"5482":1,"5483":0,"5484":0,"5485":0,"5486":0,"5487":0,"5488":0,"5490":0,"5492":0,"5493":0,"5499":2,"5500":0,"5506":2,"5527":2,"5528":2,"5529":0,"5530":0,"5531":0,"5532":0,"5534":0,"5537":0,"5538":0,"5539":0,"5540":0,"5541":0,"5542":0,"5543":0,"5544":0,"5545":0,"5547":0,"5548":0,"5550":0,"5553":0,"5556":0,"5557":0,"5558":0,"5560":0,"5563":0,"5570":2,"5572":0,"5573":0,"5574":0,"5578":0,"5579":0,"5582":0,"5583":1,"5584":0,"5585":0,"5586":0,"5587":0,"5588":0,"5590":0,"5592":0,"5594":0,"5597":0,"5601":2,"5602":2,"5603":2,"5604":0,"5605":0,"5606":0,"5607":0,"5608":0,"5609":0,"5610":0,"5611":0,"5612":0,"5615":0,"5618":0,"5630":1,"5632":0,"5637":0,"5638":0,"5639":0,"5641":0,"5642":0,"5644":0,"5647":0,"5648":0,"5649":0,"5650":0,"5651":0,"5652":0,"5654":2,"5658":2,"5675":2,"5688":1,"5689":0,"5691":0,"5692":0,"5695":0,"5700":1,"5701":0,"5705":1,"5706":0,"5708":0,"5709":0,"5712":0,"5716":1,"5719":0,"5726":0,"5727":0,"5728":0,"5730":0,"5734":0,"5735":0,"5736":0,"5740":0,"5741":0,"5743":0,"5744":0,"5749":0,"5751":0,"5755":0,"5756":0,"5757":0,"5758":0,"5760":0,"5761":0,"5763":0,"5764":0,"5766":0,"5767":0,"5771":0,"5774":0,"5775":0,"5776":0,"5780":0,"5781":0,"5782":0,"5786":0,"5787":0,"5791":0,"5792":0,"5796":0,"5797":0,"5800":0,"5801":0,"5804":0,"5805":0,"5806":0,"5808":0,"5812":0,"5814":0,"5815":0,"5816":0,"5818":0,"5819":0,"5823":0,"5825":0,"5829":1,"5830":0,"5831":0,"5832":0,"5833":0,"5836":0,"5838":0,"5839":0,"5840":0,"5841":0,"5843":0,"5844":0,"5848":1,"5849":0,"5853":1,"5854":0,"5855":0,"5856":0,"5857":0,"5860":0,"5863":0,"5864":0,"5865":0,"5869":0,"5873":1,"5874":0,"5875":0,"5876":0,"5877":0,"5878":0,"5880":0,"5883":0,"5884":0,"5887":0,"5888":0,"5890":0,"5891":0,"5892":0,"5893":0,"5895":0,"5897":0,"5898":0,"5899":0,"5900":0,"5903":0,"5904":0,"5909":0,"5912":0,"5913":0,"5914":0,"5916":0,"5917":0,"5918":0,"5919":0,"5921":0,"5924":0,"5928":0,"5932":1,"5933":0,"5934":0,"5935":0,"5936":0,"5937":0,"5940":0,"5941":0,"5949":0,"5955":1,"5956":0,"5958":2,"5960":1,"5961":0,"5963":2,"5965":1,"5966":0,"5968":2,"5970":1,"5971":0,"5973":2,"5975":1,"5976":0,"5978":2,"5980":1,"5981":0,"5983":2,"5985":1,"5986":0,"5988":2,"5990":1,"5991":0,"5993":2,"5995":1,"5996":0,"5998":2,"6000":1,"6001":0,"6003":2,"6005":1,"6006":0,"6008":2,"6010":1,"6011":0,"6014":2,"6016":1,"6017":0,"6019":2,"6021":1,"6022":0,"6029":2,"6031":2,"6033":1,"6034":0,"6038":1,"6039":0,"6043":2,"6047":1,"6048":0,"6049":0,"6052":0,"6057":2,"6058":0,"6075":2,"6077":2,"6079":0,"6081":0,"6082":0,"6083":0,"6084":0,"6086":0,"6089":1,"6090":0,"6094":0,"6095":0,"6098":0,"6114":0,"6124":0,"6125":0,"6131":0,"6132":0,"6133":0,"6138":0,"6141":0,"6142":0,"6143":0,"6145":0,"6146":0,"6147":0,"6149":0,"6150":0,"6151":0,"6152":0,"6155":0,"6156":0,"6157":0,"6158":0,"6159":0,"6160":0,"6162":0,"6163":0,"6164":0,"6167":0,"6168":0,"6169":0,"6171":0,"6177":0,"6183":0,"6184":0,"6185":0,"6186":0,"6187":0,"6188":0,"6189":0,"6190":0,"6191":0,"6192":0,"6193":0,"6194":0,"6195":0,"6197":0,"6199":0,"6200":0,"6201":0,"6203":0,"6206":0,"6210":0,"6217":0,"6218":0,"6226":0,"6228":0,"6229":0,"6230":0,"6231":0,"6232":0,"6234":0,"6235":0,"6236":0,"6237":0,"6238":0,"6239":0,"6241":0,"6242":0,"6243":0,"6244":0,"6245":0,"6247":0,"6256":0,"6258":0,"6259":0,"6260":0,"6261":0,"6262":0,"6263":0,"6265":0,"6266":0,"6267":0,"6268":0,"6269":0,"6270":0,"6272":0,"6273":0,"6276":0,"6283":0,"6286":0,"6287":0,"6288":0,"6289":0,"6290":0,"6291":0,"6293":0,"6294":0,"6295":0,"6296":0,"6297":0,"6298":0,"6300":0,"6301":0,"6302":0,"6303":0,"6304":0,"6306":0,"6307":0,"6310":0,"6313":0,"6318":0,"6319":0,"6321":0,"6323":0,"6325":0,"6327":0,"6329":0,"6336":0,"6337":0,"6339":0,"6340":0,"6341":0,"6342":0,"6343":0,"6344":0,"6345":0,"6354":0,"6355":0,"6356":0,"6357":0,"6358":0,"6359":0,"6360":0,"6361":0,"6363":0,"6368":0,"6373":0,"6388":1,"6394":0,"6395":0,"6396":0,"6397":0,"6402":1,"6404":0,"6413":0,"6415":0,"6420":0,"6421":0,"6425":0,"6427":0,"6431":0,"6438":0,"6441":0,"6442":0,"6443":0,"6446":0,"6447":0,"6448":0,"6449":0,"6454":0,"6457":0,"6458":0,"6463":0,"6464":0,"6465":0,"6466":0,"6467":0,"6468":0,"6469":0,"6470":0,"6477":0,"6478":0,"6479":0,"6480":0,"6481":0,"6490":0,"6493":0,"6494":0,"6498":0,"6499":0,"6500":0,"6501":0,"6505":0,"6506":0,"6507":0,"6511":0,"6512":0,"6517":0,"6518":0,"6520":0,"6525":0,"6529":0,"6530":0,"6532":0,"6533":0,"6534":0,"6536":0,"6537":0,"6538":0,"6541":1,"6542":0,"6543":0,"6544":0,"6546":0,"6549":0,"6550":0,"6552":0,"6553":0,"6554":0,"6556":0,"6557":0,"6558":0,"6559":0,"6560":0,"6562":0,"6563":0,"6564":0,"6565":0,"6567":0,"6568":0,"6569":0,"6570":0,"6572":0,"6574":0,"6575":0,"6576":0,"6577":0,"6578":0,"6579":0,"6581":0,"6583":0,"6585":0,"6588":1,"6589":0,"6592":1,"6593":0,"6596":1,"6597":0,"6600":1,"6601":0,"6604":1,"6605":0,"6606":0,"6609":1,"6610":0,"6611":0,"6612":0,"6615":1,"6616":0,"6617":0,"6618":0,"6620":0,"6623":1,"6624":0,"6625":0,"6626":0,"6628":0,"6634":2,"6635":0,"6636":0,"6640":0,"6641":0,"6642":0,"6644":0,"6645":0,"6646":0,"6649":0,"6650":0,"6651":0,"6653":0,"6654":0,"6655":0,"6659":0,"6660":0,"6663":0,"6664":0,"6665":0,"6668":0,"6669":0,"6671":0,"6675":0,"6676":0,"6677":0,"6678":0,"6679":0,"6682":1,"6683":0,"6692":0,"6693":0,"6696":0}},"/home/travis/build/npmtest/node-npmtest-testling/node_modules/testling/lib/unglob.js":{"path":"/home/travis/build/npmtest/node-npmtest-testling/node_modules/testling/lib/unglob.js","s":{"1":1,"2":1,"3":0,"4":0,"5":0,"6":0,"7":0,"8":0,"9":0,"10":0,"11":0,"12":0,"13":0,"14":0,"15":0,"16":0,"17":0,"18":1,"19":0,"20":0,"21":0},"b":{"1":[0,0],"2":[0,0],"3":[0,0]},"f":{"1":0,"2":0,"3":0,"4":0,"5":0},"fnMap":{"1":{"name":"(anonymous_1)","line":3,"loc":{"start":{"line":3,"column":17},"end":{"line":3,"column":44}}},"2":{"name":"next","line":11,"loc":{"start":{"line":11,"column":5},"end":{"line":11,"column":22}}},"3":{"name":"(anonymous_3)","line":18,"loc":{"start":{"line":18,"column":27},"end":{"line":18,"column":49}}},"4":{"name":"withType","line":27,"loc":{"start":{"line":27,"column":0},"end":{"line":27,"column":32}}},"5":{"name":"(anonymous_5)","line":35,"loc":{"start":{"line":35,"column":13},"end":{"line":35,"column":26}}}},"statementMap":{"1":{"start":{"line":1,"column":0},"end":{"line":1,"column":27}},"2":{"start":{"line":3,"column":0},"end":{"line":25,"column":2}},"3":{"start":{"line":4,"column":4},"end":{"line":4,"column":48}},"4":{"start":{"line":5,"column":4},"end":{"line":5,"column":54}},"5":{"start":{"line":6,"column":4},"end":{"line":6,"column":65}},"6":{"start":{"line":8,"column":4},"end":{"line":8,"column":37}},"7":{"start":{"line":9,"column":4},"end":{"line":9,"column":60}},"8":{"start":{"line":11,"column":4},"end":{"line":24,"column":9}},"9":{"start":{"line":12,"column":8},"end":{"line":14,"column":9}},"10":{"start":{"line":13,"column":12},"end":{"line":13,"column":37}},"11":{"start":{"line":16,"column":8},"end":{"line":16,"column":43}},"12":{"start":{"line":17,"column":8},"end":{"line":17,"column":27}},"13":{"start":{"line":18,"column":8},"end":{"line":23,"column":11}},"14":{"start":{"line":19,"column":12},"end":{"line":19,"column":36}},"15":{"start":{"line":19,"column":21},"end":{"line":19,"column":36}},"16":{"start":{"line":21,"column":12},"end":{"line":21,"column":65}},"17":{"start":{"line":22,"column":12},"end":{"line":22,"column":19}},"18":{"start":{"line":27,"column":0},"end":{"line":37,"column":1}},"19":{"start":{"line":28,"column":4},"end":{"line":31,"column":5}},"20":{"start":{"line":32,"column":4},"end":{"line":36,"column":5}},"21":{"start":{"line":35,"column":28},"end":{"line":35,"column":61}}},"branchMap":{"1":{"line":12,"type":"if","locations":[{"start":{"line":12,"column":8},"end":{"line":12,"column":8}},{"start":{"line":12,"column":8},"end":{"line":12,"column":8}}]},"2":{"line":19,"type":"if","locations":[{"start":{"line":19,"column":12},"end":{"line":19,"column":12}},{"start":{"line":19,"column":12},"end":{"line":19,"column":12}}]},"3":{"line":28,"type":"cond-expr","locations":[{"start":{"line":29,"column":10},"end":{"line":29,"column":23}},{"start":{"line":30,"column":10},"end":{"line":30,"column":19}}]}},"code":["var glob = require('glob');","","module.exports = function (dir, params, cb) {","    var gfiles = withType('file', params.files);","    var gscripts = withType('script', params.scripts);","    var gpostSripts = withType('postScript', params.postScripts);","    ","    var gs = gfiles.concat(gscripts);","    var expanded = { file: [], script: [], postScript: [] };","    ","    (function next () {","        if (gs.length === 0) {","            return cb(null, expanded)","        }","        ","        var opts = { root: dir, cwd: dir };","        var g = gs.shift();","        glob(g.file, opts, function (err, files) {","            if (err) return cb(err);","            ","            expanded[g.type].push.apply(expanded[g.type], files);;","            next();","        });","    })();","};","","function withType (type, files) {","    var xs = Array.isArray(files)","        ? files.slice()","        : [ files ]","    ;","    return xs","        .filter(Boolean)","        .map(String)","        .map(function (x) { return { type : type, file : x } })","    ;","}",""],"l":{"1":1,"3":1,"4":0,"5":0,"6":0,"8":0,"9":0,"11":0,"12":0,"13":0,"16":0,"17":0,"18":0,"19":0,"21":0,"22":0,"27":1,"28":0,"32":0,"35":0}}}